Log file open, 02/04/20 15:33:43
LogWindows: Failed to load 'aqProf.dll' (GetLastError=126)
LogWindows: File 'aqProf.dll' does not exist
LogWindows: Failed to load 'VtuneApi.dll' (GetLastError=126)
LogWindows: File 'VtuneApi.dll' does not exist
LogWindows: Failed to load 'VtuneApi32e.dll' (GetLastError=126)
LogWindows: File 'VtuneApi32e.dll' does not exist
LogConsoleResponse: Display: Failed to find resolution value strings in scalability ini. Falling back to default.
LogInit: Display: Running engine for game: TheLight
LogPlatformFile: Not using cached read wrapper
LogTaskGraph: Started task graph with 5 named threads and 35 total threads with 3 sets of task threads.
LogStats: Stats thread started at 0.041668
LogD3D11RHI: Loaded GFSDK_Aftermath_Lib.x64.dll
LogICUInternationalization: ICU TimeZone Detection - Raw Offset: +8:00, Platform Override: ''
LogPluginManager: Mounting plugin Paper2D
LogPluginManager: Mounting plugin AISupport
LogPluginManager: Mounting plugin LightPropagationVolume
LogPluginManager: Mounting plugin ActorLayerUtilities
LogPluginManager: Mounting plugin AnimationSharing
LogPluginManager: Mounting plugin CLionSourceCodeAccess
LogPluginManager: Mounting plugin CodeLiteSourceCodeAccess
LogPluginManager: Mounting plugin GitSourceControl
LogPluginManager: Mounting plugin KDevelopSourceCodeAccess
LogPluginManager: Mounting plugin NullSourceCodeAccess
LogPluginManager: Mounting plugin PerforceSourceControl
LogPluginManager: Mounting plugin PlasticSourceControl
LogPluginManager: Mounting plugin SubversionSourceControl
LogPluginManager: Mounting plugin UObjectPlugin
LogPluginManager: Mounting plugin VisualStudioCodeSourceCodeAccess
LogPluginManager: Mounting plugin VisualStudioSourceCodeAccess
LogPluginManager: Mounting plugin XCodeSourceCodeAccess
LogPluginManager: Mounting plugin AssetManagerEditor
LogPluginManager: Mounting plugin CryptoKeys
LogPluginManager: Mounting plugin CurveEditorTools
LogPluginManager: Mounting plugin DataValidation
LogPluginManager: Mounting plugin FacialAnimation
LogPluginManager: Mounting plugin GameplayTagsEditor
LogPluginManager: Mounting plugin MacGraphicsSwitching
LogPluginManager: Mounting plugin MaterialAnalyzer
LogPluginManager: Mounting plugin MobileLauncherProfileWizard
LogPluginManager: Mounting plugin PluginBrowser
LogPluginManager: Mounting plugin SpeedTreeImporter
LogPluginManager: Mounting plugin DatasmithContent
LogPluginManager: Mounting plugin VariantManagerContent
LogPluginManager: Mounting plugin AlembicImporter
LogPluginManager: Mounting plugin AutomationUtils
LogPluginManager: Mounting plugin BackChannel
LogPluginManager: Mounting plugin CharacterAI
LogPluginManager: Mounting plugin GeometryCache
LogPluginManager: Mounting plugin PlatformCrypto
LogPluginManager: Mounting plugin ProxyLODPlugin
LogPluginManager: Mounting plugin SkeletalReduction
LogPluginManager: Mounting plugin MagicLeap
LogPluginManager: Mounting plugin MagicLeapMedia
LogPluginManager: Mounting plugin MLSDK
LogPluginManager: Mounting plugin AndroidMedia
LogPluginManager: Mounting plugin AvfMedia
LogPluginManager: Mounting plugin ImgMedia
LogPluginManager: Mounting plugin MediaCompositing
LogPluginManager: Mounting plugin MediaPlayerEditor
LogPluginManager: Mounting plugin WebMMedia
LogPluginManager: Mounting plugin WmfMedia
LogPluginManager: Mounting plugin TcpMessaging
LogPluginManager: Mounting plugin UdpMessaging
LogPluginManager: Mounting plugin ActorSequence
LogPluginManager: Mounting plugin LevelSequenceEditor
LogPluginManager: Mounting plugin MatineeToLevelSequence
LogPluginManager: Mounting plugin NetcodeUnitTest
LogPluginManager: Mounting plugin NUTUnrealEngine4
LogPluginManager: Mounting plugin OnlineSubsystemGooglePlay
LogPluginManager: Mounting plugin OnlineSubsystemIOS
LogPluginManager: Mounting plugin OnlineSubsystem
LogPluginManager: Mounting plugin OnlineSubsystemNull
LogPluginManager: Mounting plugin OnlineSubsystemUtils
LogPluginManager: Mounting plugin LauncherChunkInstaller
LogPluginManager: Mounting plugin AndroidDeviceProfileSelector
LogPluginManager: Mounting plugin AndroidMoviePlayer
LogPluginManager: Mounting plugin AndroidPermission
LogPluginManager: Mounting plugin AppleImageUtils
LogPluginManager: Mounting plugin AppleMoviePlayer
LogPluginManager: Mounting plugin ArchVisCharacter
LogPluginManager: Mounting plugin AssetTags
LogPluginManager: Mounting plugin AudioCapture
LogPluginManager: Mounting plugin CableComponent
LogPluginManager: Mounting plugin CustomMeshComponent
LogPluginManager: Mounting plugin EditableMesh
LogPluginManager: Mounting plugin ExampleDeviceProfileSelector
LogPluginManager: Mounting plugin GoogleCloudMessaging
LogPluginManager: Mounting plugin IOSDeviceProfileSelector
LogPluginManager: Mounting plugin LinuxDeviceProfileSelector
LogPluginManager: Mounting plugin LocationServicesBPLibrary
LogPluginManager: Mounting plugin MobilePatchingUtils
LogPluginManager: Mounting plugin OculusVR
LogPluginManager: Mounting plugin PhysXVehicles
LogPluginManager: Mounting plugin PostSplashScreen
LogPluginManager: Mounting plugin ProceduralMeshComponent
LogPluginManager: Mounting plugin RuntimePhysXCooking
LogPluginManager: Mounting plugin SignificanceManager
LogPluginManager: Mounting plugin SteamVR
LogPluginManager: Mounting plugin WebMMoviePlayer
LogPluginManager: Mounting plugin WindowsMoviePlayer
LogPluginManager: Mounting plugin ScreenshotTools
LogInit: Using libcurl 7.55.1-DEV
LogInit:  - built for x86_64-pc-win32
LogInit:  - supports SSL with OpenSSL/1.1.1
LogInit:  - supports HTTP deflate (compression) using libz 1.2.8
LogInit:  - other features:
LogInit:      CURL_VERSION_SSL
LogInit:      CURL_VERSION_LIBZ
LogInit:      CURL_VERSION_IPV6
LogInit:      CURL_VERSION_ASYNCHDNS
LogInit:      CURL_VERSION_LARGEFILE
LogInit:      CURL_VERSION_IDN
LogInit:  CurlRequestOptions (configurable via config and command line):
LogInit:  - bVerifyPeer = true  - Libcurl will verify peer certificate
LogInit:  - bUseHttpProxy = false  - Libcurl will NOT use HTTP proxy
LogInit:  - bDontReuseConnections = false  - Libcurl will reuse connections
LogInit:  - MaxHostConnections = 16  - Libcurl will limit the number of connections to a host
LogInit:  - LocalHostAddr = Default
LogInit:  - BufferSize = 65536
LogOnline: OSS: Creating online subsystem instance for: NULL
LogInit: WinSock: version 1.1 (2.2), MaxSocks=32767, MaxUdp=65467
LogOnline: OSS: TryLoadSubsystemAndSetDefault: Loaded subsystem for module [NULL]
LogInit: Build: ++UE4+Release-4.24-CL-11100242
LogInit: Engine Version: 4.24.2-11100242+++UE4+Release-4.24
LogInit: Compatible Engine Version: 4.24.0-10570792+++UE4+Release-4.24
LogInit: Net CL: 10570792
LogInit: OS: Windows 10 (Release 1809) (), CPU: Intel(R) Core(TM) i7-8700K CPU @ 3.70GHz, GPU: NVIDIA GeForce RTX 2070
LogInit: Compiled (64-bit): Jan 24 2020 02:05:53
LogInit: Compiled with Visual C++: 19.16.27032.01
LogInit: Build Configuration: Development
LogInit: Branch Name: ++UE4+Release-4.24
LogInit: Command Line: 
LogInit: Base Directory: D:/Epic Games/UE_4.24/Engine/Binaries/Win64/
LogInit: Installed Engine Build: 1
LogDevObjectVersion: Number of dev versions registered: 25
LogDevObjectVersion:   Dev-Blueprints (B0D832E4-1F89-4F0D-ACCF-7EB736FD4AA2): 10
LogDevObjectVersion:   Dev-Build (E1C64328-A22C-4D53-A36C-8E866417BD8C): 0
LogDevObjectVersion:   Dev-Core (375EC13C-06E4-48FB-B500-84F0262A717E): 3
LogDevObjectVersion:   Dev-Editor (E4B068ED-F494-42E9-A231-DA0B2E46BB41): 37
LogDevObjectVersion:   Dev-Framework (CFFC743F-43B0-4480-9391-14DF171D2073): 36
LogDevObjectVersion:   Dev-Mobile (B02B49B5-BB20-44E9-A304-32B752E40360): 2
LogDevObjectVersion:   Dev-Networking (A4E4105C-59A1-49B5-A7C5-40C4547EDFEE): 0
LogDevObjectVersion:   Dev-Online (39C831C9-5AE6-47DC-9A44-9C173E1C8E7C): 0
LogDevObjectVersion:   Dev-Physics (78F01B33-EBEA-4F98-B9B4-84EACCB95AA2): 2
LogDevObjectVersion:   Dev-Platform (6631380F-2D4D-43E0-8009-CF276956A95A): 0
LogDevObjectVersion:   Dev-Rendering (12F88B9F-8875-4AFC-A67C-D90C383ABD29): 36
LogDevObjectVersion:   Dev-Sequencer (7B5AE74C-D270-4C10-A958-57980B212A5A): 11
LogDevObjectVersion:   Dev-VR (D7296918-1DD6-4BDD-9DE2-64A83CC13884): 2
LogDevObjectVersion:   Dev-LoadTimes (C2A15278-BFE7-4AFE-6C17-90FF531DF755): 1
LogDevObjectVersion:   Private-Geometry (6EACA3D4-40EC-4CC1-B786-8BED09428FC5): 3
LogDevObjectVersion:   Dev-AnimPhys (29E575DD-E0A3-4627-9D10-D276232CDCEA): 17
LogDevObjectVersion:   Dev-Anim (AF43A65D-7FD3-4947-9873-3E8ED9C1BB05): 2
LogDevObjectVersion:   Dev-ReflectionCapture (6B266CEC-1EC7-4B8F-A30B-E4D90942FC07): 1
LogDevObjectVersion:   Dev-Automation (0DF73D61-A23F-47EA-B727-89E90C41499A): 1
LogDevObjectVersion:   FortniteMain (601D1886-AC64-4F84-AA16-D3DE0DEAC7D6): 31
LogDevObjectVersion:   Dev-Enterprise (9DFFBCD6-494F-0158-E221-12823C92A888): 8
LogDevObjectVersion:   Dev-Niagara (F2AED0AC-9AFE-416F-8664-AA7FFA26D6FC): 1
LogDevObjectVersion:   Dev-Destruction (174F1F0B-B4C6-45A5-B13F-2EE8D0FB917D): 9
LogDevObjectVersion:   Dev-Physics-Ext (35F94A83-E258-406C-A318-09F59610247C): 8
LogDevObjectVersion:   Dev-CineCamera (B2E18506-4273-CFC2-A54E-F4BB758BBA07): 1
LogInit: Presizing for max 25165824 objects, including 0 objects not considered by GC, pre-allocating 0 bytes for permanent pool.
LogInit: Object subsystem initialized
LogConfig: Setting CVar [[con.DebugEarlyDefault:1]]
LogConfig: Setting CVar [[r.setres:1280x720]]
[2020.02.04-07.33.43:629][  0]LogConfig: Setting CVar [[r.VSync:0]]
[2020.02.04-07.33.43:629][  0]LogConfig: Setting CVar [[r.RHICmdBypass:0]]
[2020.02.04-07.33.43:629][  0]LogConfig: Applying CVar settings from Section [/Script/Engine.RendererSettings] File [E:/TheLight 4.24/Saved/Config/Windows/Engine.ini]
[2020.02.04-07.33.43:629][  0]LogConfig: Setting CVar [[r.GPUCrashDebugging:0]]
[2020.02.04-07.33.43:629][  0]LogConfig: Applying CVar settings from Section [/Script/Engine.RendererOverrideSettings] File [E:/TheLight 4.24/Saved/Config/Windows/Engine.ini]
[2020.02.04-07.33.43:629][  0]LogConfig: Applying CVar settings from Section [/Script/Engine.StreamingSettings] File [E:/TheLight 4.24/Saved/Config/Windows/Engine.ini]
[2020.02.04-07.33.43:629][  0]LogConfig: Setting CVar [[s.MinBulkDataSizeForAsyncLoading:131072]]
[2020.02.04-07.33.43:629][  0]LogConfig: Setting CVar [[s.AsyncLoadingThreadEnabled:0]]
[2020.02.04-07.33.43:629][  0]LogConfig: Setting CVar [[s.EventDrivenLoaderEnabled:1]]
[2020.02.04-07.33.43:629][  0]LogConfig: Setting CVar [[s.WarnIfTimeLimitExceeded:0]]
[2020.02.04-07.33.43:629][  0]LogConfig: Setting CVar [[s.TimeLimitExceededMultiplier:1.5]]
[2020.02.04-07.33.43:629][  0]LogConfig: Setting CVar [[s.TimeLimitExceededMinTime:0.005]]
[2020.02.04-07.33.43:629][  0]LogConfig: Setting CVar [[s.UseBackgroundLevelStreaming:1]]
[2020.02.04-07.33.43:629][  0]LogConfig: Setting CVar [[s.PriorityAsyncLoadingExtraTime:15.0]]
[2020.02.04-07.33.43:629][  0]LogConfig: Setting CVar [[s.LevelStreamingActorsUpdateTimeLimit:5.0]]
[2020.02.04-07.33.43:629][  0]LogConfig: Setting CVar [[s.PriorityLevelStreamingActorsUpdateExtraTime:5.0]]
[2020.02.04-07.33.43:629][  0]LogConfig: Setting CVar [[s.LevelStreamingComponentsRegistrationGranularity:10]]
[2020.02.04-07.33.43:629][  0]LogConfig: Setting CVar [[s.UnregisterComponentsTimeLimit:1.0]]
[2020.02.04-07.33.43:629][  0]LogConfig: Setting CVar [[s.LevelStreamingComponentsUnregistrationGranularity:5]]
[2020.02.04-07.33.43:629][  0]LogConfig: Setting CVar [[s.FlushStreamingOnExit:1]]
[2020.02.04-07.33.43:629][  0]LogConfig: Applying CVar settings from Section [/Script/Engine.GarbageCollectionSettings] File [E:/TheLight 4.24/Saved/Config/Windows/Engine.ini]
[2020.02.04-07.33.43:629][  0]LogConfig: Setting CVar [[gc.MaxObjectsNotConsideredByGC:1]]
[2020.02.04-07.33.43:629][  0]LogConfig: Setting CVar [[gc.SizeOfPermanentObjectPool:0]]
[2020.02.04-07.33.43:629][  0]LogConfig: Setting CVar [[gc.FlushStreamingOnGC:0]]
[2020.02.04-07.33.43:629][  0]LogConfig: Setting CVar [[gc.NumRetriesBeforeForcingGC:10]]
[2020.02.04-07.33.43:629][  0]LogConfig: Setting CVar [[gc.AllowParallelGC:1]]
[2020.02.04-07.33.43:629][  0]LogConfig: Setting CVar [[gc.TimeBetweenPurgingPendingKillObjects:61.1]]
[2020.02.04-07.33.43:629][  0]LogConfig: Setting CVar [[gc.MaxObjectsInEditor:25165824]]
[2020.02.04-07.33.43:629][  0]LogConfig: Setting CVar [[gc.IncrementalBeginDestroyEnabled:1]]
[2020.02.04-07.33.43:629][  0]LogConfig: Setting CVar [[gc.CreateGCClusters:1]]
[2020.02.04-07.33.43:629][  0]LogConfig: Setting CVar [[gc.MinGCClusterSize:5]]
[2020.02.04-07.33.43:629][  0]LogConfig: Setting CVar [[gc.ActorClusteringEnabled:0]]
[2020.02.04-07.33.43:629][  0]LogConfig: Setting CVar [[gc.BlueprintClusteringEnabled:0]]
[2020.02.04-07.33.43:629][  0]LogConfig: Setting CVar [[gc.UseDisregardForGCOnDedicatedServers:0]]
[2020.02.04-07.33.43:629][  0]LogConfig: Applying CVar settings from Section [/Script/Engine.NetworkSettings] File [E:/TheLight 4.24/Saved/Config/Windows/Engine.ini]
[2020.02.04-07.33.43:629][  0]LogConfig: Applying CVar settings from Section [/Script/UnrealEd.CookerSettings] File [E:/TheLight 4.24/Saved/Config/Windows/Engine.ini]
[2020.02.04-07.33.43:630][  0]LogConfig: Applying CVar settings from Section [ViewDistanceQuality@3] File [E:/TheLight 4.24/Saved/Config/Windows/Scalability.ini]
[2020.02.04-07.33.43:630][  0]LogConfig: Setting CVar [[r.SkeletalMeshLODBias:0]]
[2020.02.04-07.33.43:630][  0]LogConfig: Setting CVar [[r.ViewDistanceScale:1.0]]
[2020.02.04-07.33.43:631][  0]LogConfig: Applying CVar settings from Section [AntiAliasingQuality@3] File [E:/TheLight 4.24/Saved/Config/Windows/Scalability.ini]
[2020.02.04-07.33.43:631][  0]LogConfig: Setting CVar [[r.PostProcessAAQuality:4]]
[2020.02.04-07.33.43:631][  0]LogConfig: Applying CVar settings from Section [ShadowQuality@3] File [E:/TheLight 4.24/Saved/Config/Windows/Scalability.ini]
[2020.02.04-07.33.43:631][  0]LogConfig: Setting CVar [[r.LightFunctionQuality:1]]
[2020.02.04-07.33.43:631][  0]LogConfig: Setting CVar [[r.ShadowQuality:5]]
[2020.02.04-07.33.43:631][  0]LogConfig: Setting CVar [[r.Shadow.CSM.MaxCascades:10]]
[2020.02.04-07.33.43:631][  0]LogConfig: Setting CVar [[r.Shadow.MaxResolution:2048]]
[2020.02.04-07.33.43:631][  0]LogConfig: Setting CVar [[r.Shadow.MaxCSMResolution:2048]]
[2020.02.04-07.33.43:631][  0]LogConfig: Setting CVar [[r.Shadow.RadiusThreshold:0.01]]
[2020.02.04-07.33.43:631][  0]LogConfig: Setting CVar [[r.Shadow.DistanceScale:1.0]]
[2020.02.04-07.33.43:631][  0]LogConfig: Setting CVar [[r.Shadow.CSM.TransitionScale:1.0]]
[2020.02.04-07.33.43:631][  0]LogConfig: Setting CVar [[r.Shadow.PreShadowResolutionFactor:1.0]]
[2020.02.04-07.33.43:631][  0]LogConfig: Setting CVar [[r.DistanceFieldShadowing:1]]
[2020.02.04-07.33.43:631][  0]LogConfig: Setting CVar [[r.DistanceFieldAO:1]]
[2020.02.04-07.33.43:631][  0]LogConfig: Setting CVar [[r.AOQuality:2]]
[2020.02.04-07.33.43:631][  0]LogConfig: Setting CVar [[r.VolumetricFog:1]]
[2020.02.04-07.33.43:631][  0]LogConfig: Setting CVar [[r.VolumetricFog.GridPixelSize:8]]
[2020.02.04-07.33.43:631][  0]LogConfig: Setting CVar [[r.VolumetricFog.GridSizeZ:128]]
[2020.02.04-07.33.43:631][  0]LogConfig: Setting CVar [[r.VolumetricFog.HistoryMissSupersampleCount:4]]
[2020.02.04-07.33.43:631][  0]LogConfig: Setting CVar [[r.LightMaxDrawDistanceScale:1]]
[2020.02.04-07.33.43:631][  0]LogConfig: Setting CVar [[r.CapsuleShadows:1]]
[2020.02.04-07.33.43:631][  0]LogConfig: Applying CVar settings from Section [PostProcessQuality@3] File [E:/TheLight 4.24/Saved/Config/Windows/Scalability.ini]
[2020.02.04-07.33.43:631][  0]LogConfig: Setting CVar [[r.MotionBlurQuality:4]]
[2020.02.04-07.33.43:631][  0]LogConfig: Setting CVar [[r.AmbientOcclusionMipLevelFactor:0.4]]
[2020.02.04-07.33.43:631][  0]LogConfig: Setting CVar [[r.AmbientOcclusionMaxQuality:100]]
[2020.02.04-07.33.43:631][  0]LogConfig: Setting CVar [[r.AmbientOcclusionLevels:-1]]
[2020.02.04-07.33.43:631][  0]LogConfig: Setting CVar [[r.AmbientOcclusionRadiusScale:1.0]]
[2020.02.04-07.33.43:631][  0]LogConfig: Setting CVar [[r.DepthOfFieldQuality:2]]
[2020.02.04-07.33.43:631][  0]LogConfig: Setting CVar [[r.RenderTargetPoolMin:400]]
[2020.02.04-07.33.43:631][  0]LogConfig: Setting CVar [[r.LensFlareQuality:2]]
[2020.02.04-07.33.43:631][  0]LogConfig: Setting CVar [[r.SceneColorFringeQuality:1]]
[2020.02.04-07.33.43:631][  0]LogConfig: Setting CVar [[r.EyeAdaptationQuality:2]]
[2020.02.04-07.33.43:631][  0]LogConfig: Setting CVar [[r.BloomQuality:5]]
[2020.02.04-07.33.43:631][  0]LogConfig: Setting CVar [[r.FastBlurThreshold:100]]
[2020.02.04-07.33.43:631][  0]LogConfig: Setting CVar [[r.Upscale.Quality:3]]
[2020.02.04-07.33.43:631][  0]LogConfig: Setting CVar [[r.Tonemapper.GrainQuantization:1]]
[2020.02.04-07.33.43:631][  0]LogConfig: Setting CVar [[r.LightShaftQuality:1]]
[2020.02.04-07.33.43:631][  0]LogConfig: Setting CVar [[r.Filter.SizeScale:1]]
[2020.02.04-07.33.43:631][  0]LogConfig: Setting CVar [[r.Tonemapper.Quality:5]]
[2020.02.04-07.33.43:631][  0]LogConfig: Setting CVar [[r.DOF.Gather.AccumulatorQuality:1        ; higher gathering accumulator quality]]
[2020.02.04-07.33.43:631][  0]LogConfig: Setting CVar [[r.DOF.Gather.PostfilterMethod:1          ; Median3x3 postfilering method]]
[2020.02.04-07.33.43:631][  0]LogConfig: Setting CVar [[r.DOF.Gather.EnableBokehSettings:0       ; no bokeh simulation when gathering]]
[2020.02.04-07.33.43:631][  0]LogConfig: Setting CVar [[r.DOF.Gather.RingCount:4                 ; medium number of samples when gathering]]
[2020.02.04-07.33.43:631][  0]LogConfig: Setting CVar [[r.DOF.Scatter.ForegroundCompositing:1    ; additive foreground scattering]]
[2020.02.04-07.33.43:631][  0]LogConfig: Setting CVar [[r.DOF.Scatter.BackgroundCompositing:2    ; additive background scattering]]
[2020.02.04-07.33.43:631][  0]LogConfig: Setting CVar [[r.DOF.Scatter.EnableBokehSettings:1      ; bokeh simulation when scattering]]
[2020.02.04-07.33.43:631][  0]LogConfig: Setting CVar [[r.DOF.Scatter.MaxSpriteRatio:0.1         ; only a maximum of 10% of scattered bokeh]]
[2020.02.04-07.33.43:631][  0]LogConfig: Setting CVar [[r.DOF.Recombine.Quality:1                ; cheap slight out of focus]]
[2020.02.04-07.33.43:631][  0]LogConfig: Setting CVar [[r.DOF.Recombine.EnableBokehSettings:0    ; no bokeh simulation on slight out of focus]]
[2020.02.04-07.33.43:631][  0]LogConfig: Setting CVar [[r.DOF.TemporalAAQuality:1                ; more stable temporal accumulation]]
[2020.02.04-07.33.43:631][  0]LogConfig: Setting CVar [[r.DOF.Kernel.MaxForegroundRadius:0.025]]
[2020.02.04-07.33.43:631][  0]LogConfig: Setting CVar [[r.DOF.Kernel.MaxBackgroundRadius:0.025]]
[2020.02.04-07.33.43:631][  0]LogConfig: Applying CVar settings from Section [TextureQuality@3] File [E:/TheLight 4.24/Saved/Config/Windows/Scalability.ini]
[2020.02.04-07.33.43:631][  0]LogConfig: Setting CVar [[r.Streaming.MipBias:0]]
[2020.02.04-07.33.43:631][  0]LogConfig: Setting CVar [[r.Streaming.AmortizeCPUToGPUCopy:0]]
[2020.02.04-07.33.43:631][  0]LogConfig: Setting CVar [[r.Streaming.MaxNumTexturesToStreamPerFrame:0]]
[2020.02.04-07.33.43:631][  0]LogConfig: Setting CVar [[r.Streaming.Boost:1]]
[2020.02.04-07.33.43:631][  0]LogConfig: Setting CVar [[r.MaxAnisotropy:8]]
[2020.02.04-07.33.43:631][  0]LogConfig: Setting CVar [[r.VT.MaxAnisotropy:8]]
[2020.02.04-07.33.43:631][  0]LogConfig: Setting CVar [[r.Streaming.LimitPoolSizeToVRAM:0]]
[2020.02.04-07.33.43:631][  0]LogConfig: Setting CVar [[r.Streaming.PoolSize:1000]]
[2020.02.04-07.33.43:631][  0]LogConfig: Setting CVar [[r.Streaming.MaxEffectiveScreenSize:0]]
[2020.02.04-07.33.43:631][  0]LogConfig: Applying CVar settings from Section [EffectsQuality@3] File [E:/TheLight 4.24/Saved/Config/Windows/Scalability.ini]
[2020.02.04-07.33.43:631][  0]LogConfig: Setting CVar [[r.TranslucencyLightingVolumeDim:64]]
[2020.02.04-07.33.43:631][  0]LogConfig: Setting CVar [[r.RefractionQuality:2]]
[2020.02.04-07.33.43:631][  0]LogConfig: Setting CVar [[r.SSR.Quality:3]]
[2020.02.04-07.33.43:631][  0]LogConfig: Setting CVar [[r.SSR.HalfResSceneColor:0]]
[2020.02.04-07.33.43:631][  0]LogConfig: Setting CVar [[r.SceneColorFormat:4]]
[2020.02.04-07.33.43:631][  0]LogConfig: Setting CVar [[r.DetailMode:2]]
[2020.02.04-07.33.43:631][  0]LogConfig: Setting CVar [[r.TranslucencyVolumeBlur:1]]
[2020.02.04-07.33.43:631][  0]LogConfig: Setting CVar [[r.MaterialQualityLevel:1 ; High quality]]
[2020.02.04-07.33.43:631][  0]LogConfig: Setting CVar [[r.SSS.Scale:1]]
[2020.02.04-07.33.43:631][  0]LogConfig: Setting CVar [[r.SSS.SampleSet:2]]
[2020.02.04-07.33.43:631][  0]LogConfig: Setting CVar [[r.SSS.Quality:1]]
[2020.02.04-07.33.43:631][  0]LogConfig: Setting CVar [[r.SSS.HalfRes:1]]
[2020.02.04-07.33.43:631][  0]LogConfig: Setting CVar [[r.SSGI.Quality:3]]
[2020.02.04-07.33.43:631][  0]LogConfig: Setting CVar [[r.EmitterSpawnRateScale:1.0]]
[2020.02.04-07.33.43:631][  0]LogConfig: Setting CVar [[r.ParticleLightQuality:2]]
[2020.02.04-07.33.43:631][  0]LogConfig: Setting CVar [[r.SkyAtmosphere.AerialPerspectiveLUT.FastApplyOnOpaque:1 ; Always have FastSkyLUT 1 in this case to avoid wrong sky]]
[2020.02.04-07.33.43:631][  0]LogConfig: Setting CVar [[r.SkyAtmosphere.AerialPerspectiveLUT.SampleCountPerSlice:1]]
[2020.02.04-07.33.43:631][  0]LogConfig: Setting CVar [[r.SkyAtmosphere.AerialPerspectiveLUT.DepthResolution:16.0]]
[2020.02.04-07.33.43:631][  0]LogConfig: Setting CVar [[r.SkyAtmosphere.FastSkyLUT:1]]
[2020.02.04-07.33.43:631][  0]LogConfig: Setting CVar [[r.SkyAtmosphere.FastSkyLUT.SampleCountMin:4.0]]
[2020.02.04-07.33.43:631][  0]LogConfig: Setting CVar [[r.SkyAtmosphere.FastSkyLUT.SampleCountMax:32.0]]
[2020.02.04-07.33.43:631][  0]LogConfig: Setting CVar [[r.SkyAtmosphere.SampleCountMin:4.0]]
[2020.02.04-07.33.43:631][  0]LogConfig: Setting CVar [[r.SkyAtmosphere.SampleCountMax:32.0]]
[2020.02.04-07.33.43:631][  0]LogConfig: Setting CVar [[r.SkyAtmosphere.TransmittanceLUT.UseSmallFormat:0]]
[2020.02.04-07.33.43:631][  0]LogConfig: Setting CVar [[r.SkyAtmosphere.TransmittanceLUT.SampleCount:10.0]]
[2020.02.04-07.33.43:631][  0]LogConfig: Setting CVar [[r.SkyAtmosphere.MultiScatteringLUT.SampleCount:15.0]]
[2020.02.04-07.33.43:631][  0]LogConfig: Applying CVar settings from Section [FoliageQuality@3] File [E:/TheLight 4.24/Saved/Config/Windows/Scalability.ini]
[2020.02.04-07.33.43:631][  0]LogConfig: Setting CVar [[foliage.DensityScale:1.0]]
[2020.02.04-07.33.43:631][  0]LogConfig: Setting CVar [[grass.DensityScale:1.0]]
[2020.02.04-07.33.43:631][  0]LogConfig: Applying CVar settings from Section [ShadingQuality@3] File [E:/TheLight 4.24/Saved/Config/Windows/Scalability.ini]
[2020.02.04-07.33.43:631][  0]LogConfig: Setting CVar [[r.HairStrands.SkyLighting.SampleCount:16]]
[2020.02.04-07.33.43:631][  0]LogConfig: Setting CVar [[r.HairStrands.SkyLighting.JitterIntegration:0]]
[2020.02.04-07.33.43:631][  0]LogConfig: Setting CVar [[r.HairStrands.SkyAO.SampleCount:16]]
[2020.02.04-07.33.43:631][  0]LogInit: Selected Device Profile: [Windows]
[2020.02.04-07.33.43:631][  0]LogInit: Applying CVar settings loaded from the selected device profile: [Windows]
[2020.02.04-07.33.43:633][  0]LogHAL: Display: Platform has ~ 16 GB [17090805760 / 17179869184 / 16], which maps to Larger [LargestMinGB=32, LargerMinGB=12, DefaultMinGB=8, SmallerMinGB=6, SmallestMinGB=0)
[2020.02.04-07.33.43:633][  0]LogInit: Going up to parent DeviceProfile []
[2020.02.04-07.33.43:633][  0]LogConfig: Applying CVar settings from Section [ViewDistanceQuality@Cine] File [E:/TheLight 4.24/Saved/Config/Windows/Scalability.ini]
[2020.02.04-07.33.43:633][  0]LogConfig: Setting CVar [[r.SkeletalMeshLODBias:0]]
[2020.02.04-07.33.43:633][  0]LogConfig: Setting CVar [[r.ViewDistanceScale:10.0]]
[2020.02.04-07.33.43:633][  0]LogConfig: Applying CVar settings from Section [AntiAliasingQuality@Cine] File [E:/TheLight 4.24/Saved/Config/Windows/Scalability.ini]
[2020.02.04-07.33.43:633][  0]LogConfig: Setting CVar [[r.PostProcessAAQuality:6]]
[2020.02.04-07.33.43:633][  0]LogConfig: Applying CVar settings from Section [ShadowQuality@Cine] File [E:/TheLight 4.24/Saved/Config/Windows/Scalability.ini]
[2020.02.04-07.33.43:633][  0]LogConfig: Setting CVar [[r.LightFunctionQuality:1]]
[2020.02.04-07.33.43:633][  0]LogConfig: Setting CVar [[r.ShadowQuality:5]]
[2020.02.04-07.33.43:633][  0]LogConfig: Setting CVar [[r.Shadow.CSM.MaxCascades:10]]
[2020.02.04-07.33.43:633][  0]LogConfig: Setting CVar [[r.Shadow.MaxResolution:4096]]
[2020.02.04-07.33.43:633][  0]LogConfig: Setting CVar [[r.Shadow.MaxCSMResolution:4096]]
[2020.02.04-07.33.43:633][  0]LogConfig: Setting CVar [[r.Shadow.RadiusThreshold:0]]
[2020.02.04-07.33.43:633][  0]LogConfig: Setting CVar [[r.Shadow.DistanceScale:1.0]]
[2020.02.04-07.33.43:633][  0]LogConfig: Setting CVar [[r.Shadow.CSM.TransitionScale:1.0]]
[2020.02.04-07.33.43:633][  0]LogConfig: Setting CVar [[r.Shadow.PreShadowResolutionFactor:1.0]]
[2020.02.04-07.33.43:633][  0]LogConfig: Setting CVar [[r.DistanceFieldShadowing:1]]
[2020.02.04-07.33.43:633][  0]LogConfig: Setting CVar [[r.DistanceFieldAO:1]]
[2020.02.04-07.33.43:633][  0]LogConfig: Setting CVar [[r.AOQuality:2]]
[2020.02.04-07.33.43:633][  0]LogConfig: Setting CVar [[r.VolumetricFog:1]]
[2020.02.04-07.33.43:633][  0]LogConfig: Setting CVar [[r.VolumetricFog.GridPixelSize:4]]
[2020.02.04-07.33.43:633][  0]LogConfig: Setting CVar [[r.VolumetricFog.GridSizeZ:128]]
[2020.02.04-07.33.43:633][  0]LogConfig: Setting CVar [[r.VolumetricFog.HistoryMissSupersampleCount:16]]
[2020.02.04-07.33.43:633][  0]LogConfig: Setting CVar [[r.LightMaxDrawDistanceScale:1]]
[2020.02.04-07.33.43:633][  0]LogConfig: Setting CVar [[r.CapsuleShadows:1]]
[2020.02.04-07.33.43:633][  0]LogConfig: Applying CVar settings from Section [PostProcessQuality@Cine] File [E:/TheLight 4.24/Saved/Config/Windows/Scalability.ini]
[2020.02.04-07.33.43:633][  0]LogConfig: Setting CVar [[r.MotionBlurQuality:4]]
[2020.02.04-07.33.43:633][  0]LogConfig: Setting CVar [[r.AmbientOcclusionMipLevelFactor:0.4]]
[2020.02.04-07.33.43:633][  0]LogConfig: Setting CVar [[r.AmbientOcclusionMaxQuality:100]]
[2020.02.04-07.33.43:633][  0]LogConfig: Setting CVar [[r.AmbientOcclusionLevels:-1]]
[2020.02.04-07.33.43:633][  0]LogConfig: Setting CVar [[r.AmbientOcclusionRadiusScale:1.0]]
[2020.02.04-07.33.43:633][  0]LogConfig: Setting CVar [[r.DepthOfFieldQuality:4]]
[2020.02.04-07.33.43:633][  0]LogConfig: Setting CVar [[r.RenderTargetPoolMin:1000]]
[2020.02.04-07.33.43:633][  0]LogConfig: Setting CVar [[r.LensFlareQuality:3]]
[2020.02.04-07.33.43:633][  0]LogConfig: Setting CVar [[r.SceneColorFringeQuality:1]]
[2020.02.04-07.33.43:633][  0]LogConfig: Setting CVar [[r.EyeAdaptationQuality:2]]
[2020.02.04-07.33.43:633][  0]LogConfig: Setting CVar [[r.BloomQuality:5]]
[2020.02.04-07.33.43:633][  0]LogConfig: Setting CVar [[r.FastBlurThreshold:100]]
[2020.02.04-07.33.43:633][  0]LogConfig: Setting CVar [[r.Upscale.Quality:3]]
[2020.02.04-07.33.43:633][  0]LogConfig: Setting CVar [[r.Tonemapper.GrainQuantization:1]]
[2020.02.04-07.33.43:633][  0]LogConfig: Setting CVar [[r.LightShaftQuality:1]]
[2020.02.04-07.33.43:633][  0]LogConfig: Setting CVar [[r.Filter.SizeScale:1]]
[2020.02.04-07.33.43:633][  0]LogConfig: Setting CVar [[r.Tonemapper.Quality:5]]
[2020.02.04-07.33.43:633][  0]LogConfig: Setting CVar [[r.DOF.Gather.AccumulatorQuality:1        ; higher gathering accumulator quality]]
[2020.02.04-07.33.43:633][  0]LogConfig: Setting CVar [[r.DOF.Gather.PostfilterMethod:1          ; Median3x3 postfilering method]]
[2020.02.04-07.33.43:633][  0]LogConfig: Setting CVar [[r.DOF.Gather.EnableBokehSettings:1       ; bokeh simulation when gathering]]
[2020.02.04-07.33.43:633][  0]LogConfig: Setting CVar [[r.DOF.Gather.RingCount:5                 ; high number of samples when gathering]]
[2020.02.04-07.33.43:633][  0]LogConfig: Setting CVar [[r.DOF.Scatter.ForegroundCompositing:1    ; additive foreground scattering]]
[2020.02.04-07.33.43:633][  0]LogConfig: Setting CVar [[r.DOF.Scatter.BackgroundCompositing:2    ; background scattering occlusion]]
[2020.02.04-07.33.43:633][  0]LogConfig: Setting CVar [[r.DOF.Scatter.EnableBokehSettings:1      ; no bokeh simulation when scattering]]
[2020.02.04-07.33.43:633][  0]LogConfig: Setting CVar [[r.DOF.Scatter.MaxSpriteRatio:0.25        ; only a maximum of 10% of scattered bokeh]]
[2020.02.04-07.33.43:633][  0]LogConfig: Setting CVar [[r.DOF.Recombine.Quality:2                ; highest slight out of focus]]
[2020.02.04-07.33.43:633][  0]LogConfig: Setting CVar [[r.DOF.Recombine.EnableBokehSettings:1    ; bokeh simulation on slight out of focus]]
[2020.02.04-07.33.43:633][  0]LogConfig: Setting CVar [[r.DOF.TemporalAAQuality:1                ; more stable temporal accumulation]]
[2020.02.04-07.33.43:633][  0]LogConfig: Setting CVar [[r.DOF.Kernel.MaxForegroundRadius:0.025]]
[2020.02.04-07.33.43:633][  0]LogConfig: Setting CVar [[r.DOF.Kernel.MaxBackgroundRadius:0.025]]
[2020.02.04-07.33.43:633][  0]LogConfig: Applying CVar settings from Section [TextureQuality@Cine] File [E:/TheLight 4.24/Saved/Config/Windows/Scalability.ini]
[2020.02.04-07.33.43:633][  0]LogConfig: Setting CVar [[r.Streaming.MipBias:0]]
[2020.02.04-07.33.43:633][  0]LogConfig: Setting CVar [[r.Streaming.AmortizeCPUToGPUCopy:0]]
[2020.02.04-07.33.43:633][  0]LogConfig: Setting CVar [[r.Streaming.MaxNumTexturesToStreamPerFrame:0]]
[2020.02.04-07.33.43:633][  0]LogConfig: Setting CVar [[r.Streaming.Boost:1]]
[2020.02.04-07.33.43:633][  0]LogConfig: Setting CVar [[r.MaxAnisotropy:8]]
[2020.02.04-07.33.43:633][  0]LogConfig: Setting CVar [[r.VT.MaxAnisotropy:8]]
[2020.02.04-07.33.43:633][  0]LogConfig: Setting CVar [[r.Streaming.LimitPoolSizeToVRAM:0]]
[2020.02.04-07.33.43:633][  0]LogConfig: Setting CVar [[r.Streaming.PoolSize:3000]]
[2020.02.04-07.33.43:633][  0]LogConfig: Setting CVar [[r.Streaming.MaxEffectiveScreenSize:0]]
[2020.02.04-07.33.43:633][  0]LogConfig: Applying CVar settings from Section [EffectsQuality@Cine] File [E:/TheLight 4.24/Saved/Config/Windows/Scalability.ini]
[2020.02.04-07.33.43:633][  0]LogConfig: Setting CVar [[r.TranslucencyLightingVolumeDim:64]]
[2020.02.04-07.33.43:633][  0]LogConfig: Setting CVar [[r.RefractionQuality:2]]
[2020.02.04-07.33.43:633][  0]LogConfig: Setting CVar [[r.SSR.Quality:4]]
[2020.02.04-07.33.43:633][  0]LogConfig: Setting CVar [[r.SSR.HalfResSceneColor:0]]
[2020.02.04-07.33.43:633][  0]LogConfig: Setting CVar [[r.SceneColorFormat:4]]
[2020.02.04-07.33.43:633][  0]LogConfig: Setting CVar [[r.DetailMode:2]]
[2020.02.04-07.33.43:633][  0]LogConfig: Setting CVar [[r.TranslucencyVolumeBlur:1]]
[2020.02.04-07.33.43:633][  0]LogConfig: Setting CVar [[r.MaterialQualityLevel:1 ; High quality]]
[2020.02.04-07.33.43:633][  0]LogConfig: Setting CVar [[r.SSS.Scale:1]]
[2020.02.04-07.33.43:633][  0]LogConfig: Setting CVar [[r.SSS.SampleSet:2]]
[2020.02.04-07.33.43:633][  0]LogConfig: Setting CVar [[r.SSS.Quality:1]]
[2020.02.04-07.33.43:633][  0]LogConfig: Setting CVar [[r.SSS.HalfRes:0]]
[2020.02.04-07.33.43:633][  0]LogConfig: Setting CVar [[r.SSGI.Quality:4]]
[2020.02.04-07.33.43:633][  0]LogConfig: Setting CVar [[r.EmitterSpawnRateScale:1.0]]
[2020.02.04-07.33.43:634][  0]LogConfig: Setting CVar [[r.ParticleLightQuality:2]]
[2020.02.04-07.33.43:634][  0]LogConfig: Setting CVar [[r.SkyAtmosphere.AerialPerspectiveLUT.FastApplyOnOpaque:0]]
[2020.02.04-07.33.43:634][  0]LogConfig: Setting CVar [[r.SkyAtmosphere.AerialPerspectiveLUT.SampleCountPerSlice:2]]
[2020.02.04-07.33.43:634][  0]LogConfig: Setting CVar [[r.SkyAtmosphere.AerialPerspectiveLUT.DepthResolution:32.0]]
[2020.02.04-07.33.43:634][  0]LogConfig: Setting CVar [[r.SkyAtmosphere.FastSkyLUT:0]]
[2020.02.04-07.33.43:634][  0]LogConfig: Setting CVar [[r.SkyAtmosphere.FastSkyLUT.SampleCountMin:4.0]]
[2020.02.04-07.33.43:634][  0]LogConfig: Setting CVar [[r.SkyAtmosphere.FastSkyLUT.SampleCountMax:32.0]]
[2020.02.04-07.33.43:634][  0]LogConfig: Setting CVar [[r.SkyAtmosphere.SampleCountMin:8.0]]
[2020.02.04-07.33.43:634][  0]LogConfig: Setting CVar [[r.SkyAtmosphere.SampleCountMax:32.0]]
[2020.02.04-07.33.43:634][  0]LogConfig: Setting CVar [[r.SkyAtmosphere.TransmittanceLUT.UseSmallFormat:0]]
[2020.02.04-07.33.43:634][  0]LogConfig: Setting CVar [[r.SkyAtmosphere.TransmittanceLUT.SampleCount:30.0]]
[2020.02.04-07.33.43:634][  0]LogConfig: Setting CVar [[r.SkyAtmosphere.MultiScatteringLUT.SampleCount:20.0]]
[2020.02.04-07.33.43:634][  0]LogConfig: Applying CVar settings from Section [FoliageQuality@Cine] File [E:/TheLight 4.24/Saved/Config/Windows/Scalability.ini]
[2020.02.04-07.33.43:634][  0]LogConfig: Setting CVar [[foliage.DensityScale:1.0]]
[2020.02.04-07.33.43:634][  0]LogConfig: Setting CVar [[grass.DensityScale:1.0]]
[2020.02.04-07.33.43:634][  0]LogConfig: Applying CVar settings from Section [ShadingQuality@3] File [E:/TheLight 4.24/Saved/Config/Windows/Scalability.ini]
[2020.02.04-07.33.43:634][  0]LogConfig: Setting CVar [[r.HairStrands.SkyLighting.SampleCount:16]]
[2020.02.04-07.33.43:634][  0]LogConfig: Setting CVar [[r.HairStrands.SkyLighting.JitterIntegration:0]]
[2020.02.04-07.33.43:634][  0]LogConfig: Setting CVar [[r.HairStrands.SkyAO.SampleCount:16]]
[2020.02.04-07.33.43:634][  0]LogConfig: Applying CVar settings from Section [Startup] File [../../../Engine/Config/ConsoleVariables.ini]
[2020.02.04-07.33.43:634][  0]LogConfig: Setting CVar [[net.UseAdaptiveNetUpdateFrequency:0]]
[2020.02.04-07.33.43:634][  0]LogConfig: Setting CVar [[p.chaos.AllowCreatePhysxBodies:1]]
[2020.02.04-07.33.43:634][  0]LogConfig: Applying CVar settings from Section [ConsoleVariables] File [E:/TheLight 4.24/Saved/Config/Windows/Engine.ini]
[2020.02.04-07.33.43:634][  0]LogInit: Computer: D86UHJAN1SFJX1O
[2020.02.04-07.33.43:634][  0]LogInit: User: Administrator
[2020.02.04-07.33.43:634][  0]LogInit: CPU Page size=4096, Cores=6
[2020.02.04-07.33.43:634][  0]LogInit: High frequency timer resolution =10.000000 MHz
[2020.02.04-07.33.43:634][  0]LogMemory: Memory total: Physical=15.9GB (16GB approx)
[2020.02.04-07.33.43:634][  0]LogMemory: Platform Memory Stats for Windows
[2020.02.04-07.33.43:634][  0]LogMemory: Process Physical Memory: 105.45 MB used, 105.46 MB peak
[2020.02.04-07.33.43:634][  0]LogMemory: Process Virtual Memory: 101.74 MB used, 101.74 MB peak
[2020.02.04-07.33.43:634][  0]LogMemory: Physical Memory: 4941.96 MB used,  11357.11 MB free, 16299.06 MB total
[2020.02.04-07.33.43:634][  0]LogMemory: Virtual Memory: 5173.85 MB used,  134212552.00 MB free, 134217728.00 MB total
[2020.02.04-07.33.43:655][  0]LogWindows: WindowsPlatformFeatures enabled
[2020.02.04-07.33.43:665][  0]LogInit: Overriding language with editor language configuration option (en).
[2020.02.04-07.33.43:665][  0]LogInit: Overriding locale with editor locale configuration option (en).
[2020.02.04-07.33.43:758][  0]LogInit: Setting process to per monitor DPI aware
[2020.02.04-07.33.43:777][  0]LogSlate: New Slate User Created.  User Index 0, Is Virtual User: 0
[2020.02.04-07.33.43:777][  0]LogSlate: Slate User Registered.  User Index 0, Is Virtual User: 0
[2020.02.04-07.33.43:843][  0]LogHMD: Failed to initialize OpenVR with code 110
[2020.02.04-07.33.43:844][  0]LogD3D11RHI: D3D11 min allowed feature level: 11_0
[2020.02.04-07.33.43:844][  0]LogD3D11RHI: D3D11 max allowed feature level: 11_0
[2020.02.04-07.33.43:844][  0]LogD3D11RHI: D3D11 adapters:
[2020.02.04-07.33.43:890][  0]LogD3D11RHI:    0. 'NVIDIA GeForce RTX 2070' (Feature Level 11_0)
[2020.02.04-07.33.43:890][  0]LogD3D11RHI:       8031/0/8149 MB DedicatedVideo/DedicatedSystem/SharedSystem, Outputs:1, VendorId:0x10de
[2020.02.04-07.33.43:891][  0]LogD3D11RHI:    1. 'Microsoft Basic Render Driver' (Feature Level 11_0)
[2020.02.04-07.33.43:891][  0]LogD3D11RHI:       0/0/8149 MB DedicatedVideo/DedicatedSystem/SharedSystem, Outputs:0, VendorId:0x1414
[2020.02.04-07.33.43:891][  0]LogD3D11RHI: Chosen D3D11 Adapter: 0
[2020.02.04-07.33.43:895][  0]LogD3D11RHI: Creating new Direct3DDevice
[2020.02.04-07.33.43:895][  0]LogD3D11RHI:     GPU DeviceId: 0x1f02 (for the marketing name, search the web for "GPU Device Id")
[2020.02.04-07.33.43:895][  0]LogWindows: EnumDisplayDevices:
[2020.02.04-07.33.43:895][  0]LogWindows:    0. 'NVIDIA GeForce RTX 2070' (P:1 D:1)
[2020.02.04-07.33.43:895][  0]LogWindows:    1. 'NVIDIA GeForce RTX 2070' (P:0 D:0)
[2020.02.04-07.33.43:896][  0]LogWindows:    2. 'NVIDIA GeForce RTX 2070' (P:0 D:0)
[2020.02.04-07.33.43:896][  0]LogWindows:    3. 'NVIDIA GeForce RTX 2070' (P:0 D:0)
[2020.02.04-07.33.43:896][  0]LogWindows: DebugString: FoundDriverCount:4 
[2020.02.04-07.33.43:896][  0]LogD3D11RHI:     Adapter Name: NVIDIA GeForce RTX 2070
[2020.02.04-07.33.43:896][  0]LogD3D11RHI:   Driver Version: 441.87 (internal:26.21.14.4187, unified:441.87)
[2020.02.04-07.33.43:896][  0]LogD3D11RHI:      Driver Date: 12-24-2019
[2020.02.04-07.33.43:896][  0]LogRHI: Texture pool is 5621 MB (70% of 8031 MB)
[2020.02.04-07.33.43:924][  0]LogD3D11RHI: RHI has support for 64 bit atomics
[2020.02.04-07.33.43:924][  0]LogD3D11RHI: Async texture creation enabled
[2020.02.04-07.33.43:947][  0]LogD3D11RHI: GPU Timing Frequency: 1000.000000 (Debug: 2 2)
[2020.02.04-07.33.44:138][  0]LogTargetPlatformManager: Display: Loaded TargetPlatform 'AllDesktop'
[2020.02.04-07.33.44:156][  0]LogTargetPlatformManager: Display: Loaded TargetPlatform 'Android'
[2020.02.04-07.33.44:156][  0]LogTargetPlatformManager: Display: Loaded TargetPlatform 'Android_ASTC'
[2020.02.04-07.33.44:156][  0]LogTargetPlatformManager: Display: Loaded TargetPlatform 'Android_ATC'
[2020.02.04-07.33.44:156][  0]LogTargetPlatformManager: Display: Loaded TargetPlatform 'Android_DXT'
[2020.02.04-07.33.44:156][  0]LogTargetPlatformManager: Display: Loaded TargetPlatform 'Android_ETC1'
[2020.02.04-07.33.44:156][  0]LogTargetPlatformManager: Display: Loaded TargetPlatform 'Android_ETC1a'
[2020.02.04-07.33.44:156][  0]LogTargetPlatformManager: Display: Loaded TargetPlatform 'Android_ETC2'
[2020.02.04-07.33.44:156][  0]LogTargetPlatformManager: Display: Loaded TargetPlatform 'Android_PVRTC'
[2020.02.04-07.33.44:156][  0]LogTargetPlatformManager: Display: Loaded TargetPlatform 'AndroidClient'
[2020.02.04-07.33.44:156][  0]LogTargetPlatformManager: Display: Loaded TargetPlatform 'Android_ASTCClient'
[2020.02.04-07.33.44:156][  0]LogTargetPlatformManager: Display: Loaded TargetPlatform 'Android_ATCClient'
[2020.02.04-07.33.44:156][  0]LogTargetPlatformManager: Display: Loaded TargetPlatform 'Android_DXTClient'
[2020.02.04-07.33.44:156][  0]LogTargetPlatformManager: Display: Loaded TargetPlatform 'Android_ETC1Client'
[2020.02.04-07.33.44:156][  0]LogTargetPlatformManager: Display: Loaded TargetPlatform 'Android_ETC1aClient'
[2020.02.04-07.33.44:156][  0]LogTargetPlatformManager: Display: Loaded TargetPlatform 'Android_ETC2Client'
[2020.02.04-07.33.44:156][  0]LogTargetPlatformManager: Display: Loaded TargetPlatform 'Android_PVRTCClient'
[2020.02.04-07.33.44:156][  0]LogTargetPlatformManager: Display: Loaded TargetPlatform 'Android_Multi'
[2020.02.04-07.33.44:156][  0]LogTargetPlatformManager: Display: Loaded TargetPlatform 'Android_MultiClient'
[2020.02.04-07.33.44:166][  0]LogTargetPlatformManager: Display: Loaded TargetPlatform 'IOSClient'
[2020.02.04-07.33.44:166][  0]LogTargetPlatformManager: Display: Loaded TargetPlatform 'IOS'
[2020.02.04-07.33.44:170][  0]LogTargetPlatformManager: Display: Loaded TargetPlatform 'LinuxNoEditor'
[2020.02.04-07.33.44:174][  0]LogTargetPlatformManager: Display: Loaded TargetPlatform 'LinuxClient'
[2020.02.04-07.33.44:178][  0]LogTargetPlatformManager: Display: Loaded TargetPlatform 'LinuxServer'
[2020.02.04-07.33.44:182][  0]LogTargetPlatformManager: Display: Loaded TargetPlatform 'LinuxAArch64NoEditor'
[2020.02.04-07.33.44:186][  0]LogTargetPlatformManager: Display: Loaded TargetPlatform 'LinuxAArch64Client'
[2020.02.04-07.33.44:190][  0]LogTargetPlatformManager: Display: Loaded TargetPlatform 'LinuxAArch64Server'
[2020.02.04-07.33.44:203][  0]LogTargetPlatformManager: Display: Loaded TargetPlatform 'Lumin'
[2020.02.04-07.33.44:203][  0]LogTargetPlatformManager: Display: Loaded TargetPlatform 'LuminClient'
[2020.02.04-07.33.44:210][  0]LogTargetPlatformManager: Display: Loaded TargetPlatform 'TVOSClient'
[2020.02.04-07.33.44:210][  0]LogTargetPlatformManager: Display: Loaded TargetPlatform 'TVOS'
[2020.02.04-07.33.44:214][  0]LogTargetPlatformManager: Display: Loaded TargetPlatform 'WindowsNoEditor'
[2020.02.04-07.33.44:218][  0]LogTargetPlatformManager: Display: Loaded TargetPlatform 'Windows'
[2020.02.04-07.33.44:222][  0]LogTargetPlatformManager: Display: Loaded TargetPlatform 'WindowsClient'
[2020.02.04-07.33.44:226][  0]LogTargetPlatformManager: Display: Loaded TargetPlatform 'WindowsServer'
[2020.02.04-07.33.44:226][  0]LogTargetPlatformManager: Display: Building Assets For Windows
[2020.02.04-07.33.44:227][  0]LogAudioDebug: Display: Lib vorbis DLL was dynamically loaded.
[2020.02.04-07.33.44:237][  0]LogShaderCompilers: Guid format shader working directory is 38 characters bigger than the processId version (E:/TheLight 4.24/Intermediate/Shaders/WorkingDirectory/4952/).
[2020.02.04-07.33.44:237][  0]LogShaderCompilers: Cleaned the shader compiler working directory 'C:/Users/Administrator/AppData/Local/Temp/UnrealShaderWorkingDir/3806B58F42017667C4ED548F84153AEA/'.
[2020.02.04-07.33.44:237][  0]LogXGEController: Cleaning working directory: C:/Users/Administrator/AppData/Local/Temp/UnrealXGEWorkingDir/
[2020.02.04-07.33.44:237][  0]LogXGEController: Cannot use XGE Controller as Incredibuild is not installed on this machine.
[2020.02.04-07.33.44:237][  0]LogShaderCompilers: Cannot use XGE Shader Compiler as Incredibuild is not installed on this machine.
[2020.02.04-07.33.44:237][  0]LogShaderCompilers: Display: Using Local Shader Compiler.
[2020.02.04-07.33.44:692][  0]LogDerivedDataCache: Display: Max Cache Size: 512 MB
[2020.02.04-07.33.44:730][  0]LogDerivedDataCache: Loaded boot cache 0.04s 78MB C:/Users/Administrator/AppData/Local/UnrealEngine/4.24/DerivedDataCache/Boot.ddc.
[2020.02.04-07.33.44:730][  0]LogDerivedDataCache: Display: Loaded Boot cache: C:/Users/Administrator/AppData/Local/UnrealEngine/4.24/DerivedDataCache/Boot.ddc
[2020.02.04-07.33.44:730][  0]LogDerivedDataCache: FDerivedDataBackendGraph:  Pak pak cache file E:/TheLight 4.24/DerivedDataCache/DDC.ddp not found, will not use a pak cache.
[2020.02.04-07.33.44:730][  0]LogDerivedDataCache: Unable to find inner node Pak for hierarchical cache Hierarchy.
[2020.02.04-07.33.44:730][  0]LogDerivedDataCache: FDerivedDataBackendGraph:  CompressedPak pak cache file E:/TheLight 4.24/DerivedDataCache/Compressed.ddp not found, will not use a pak cache.
[2020.02.04-07.33.44:730][  0]LogDerivedDataCache: Unable to find inner node CompressedPak for hierarchical cache Hierarchy.
[2020.02.04-07.33.44:737][  0]LogDerivedDataCache: Display: Pak cache opened for reading ../../../Engine/DerivedDataCache/Compressed.ddp.
[2020.02.04-07.33.44:737][  0]LogDerivedDataCache: FDerivedDataBackendGraph:  EnterprisePak pak cache file ../../../Enterprise/DerivedDataCache/Compressed.ddp not found, will not use a pak cache.
[2020.02.04-07.33.44:737][  0]LogDerivedDataCache: Unable to find inner node EnterprisePak for hierarchical cache Hierarchy.
[2020.02.04-07.33.44:738][  0]LogDerivedDataCache: Using Local data cache path C:/Users/Administrator/AppData/Local/UnrealEngine/Common/DerivedDataCache: Writable
[2020.02.04-07.33.44:738][  0]LogDerivedDataCache: Shared data cache path not found in *engine.ini, will not use an Shared cache.
[2020.02.04-07.33.44:738][  0]LogDerivedDataCache: Unable to find inner node Shared for hierarchical cache Hierarchy.
[2020.02.04-07.33.44:753][  0]LogMaterial: Verifying Global Shaders for PCD3D_SM5
[2020.02.04-07.33.44:755][  0]LogSlate: Using FreeType 2.10.0
[2020.02.04-07.33.44:755][  0]LogSlate: SlateFontServices - WITH_FREETYPE: 1, WITH_HARFBUZZ: 1
[2020.02.04-07.33.44:785][  0]LogAssetRegistry: FAssetRegistry took 0.0016 seconds to start up
[2020.02.04-07.33.44:957][  0]LogInit: Selected Device Profile: [Windows]
[2020.02.04-07.33.45:053][  0]LogMeshReduction: Using QuadricMeshReduction for automatic static mesh reduction
[2020.02.04-07.33.45:053][  0]LogMeshReduction: Using SimplygonMeshReduction for automatic skeletal mesh reduction
[2020.02.04-07.33.45:053][  0]LogMeshReduction: Using ProxyLODMeshReduction for automatic mesh merging
[2020.02.04-07.33.45:053][  0]LogMeshReduction: No distributed automatic mesh merging module available
[2020.02.04-07.33.45:053][  0]LogMeshMerging: No distributed automatic mesh merging module available
[2020.02.04-07.33.45:059][  0]LogNetVersion: TheLight 1.0.0, NetCL: 10570792, EngineNetVer: 13, GameNetVer: 0 (Checksum: 2583876473)
[2020.02.04-07.33.45:085][  0]LogInput: Warning: Action ResetVR uses deprecated key MotionController_Left_Grip1.
[2020.02.04-07.33.45:085][  0]LogInput: Warning: Axis MoveForward uses deprecated key MotionController_Left_Thumbstick_Y.
[2020.02.04-07.33.45:085][  0]LogInput: Warning: Axis MoveRight uses deprecated key MotionController_Left_Thumbstick_X.
[2020.02.04-07.33.45:085][  0]LogInput: Warning: Axis TurnRate uses deprecated key MotionController_Right_Thumbstick_X.
[2020.02.04-07.33.45:650][  0]LogPackageLocalizationCache: Processed 10 localized package path(s) for 1 prioritized culture(s) in 0.025045 seconds
[2020.02.04-07.33.45:655][  0]LogUObjectArray: 46750 objects as part of root set at end of initial load.
[2020.02.04-07.33.45:655][  0]LogUObjectAllocator: 8137160 out of 0 bytes used by permanent object pool.
[2020.02.04-07.33.45:655][  0]LogUObjectArray: CloseDisregardForGC: 0/0 objects in disregard for GC pool
[2020.02.04-07.33.45:882][  0]LogTcpMessaging: Initializing TcpMessaging bridge
[2020.02.04-07.33.45:884][  0]LogUdpMessaging: Initializing bridge on interface 0.0.0.0:0 to multicast group 230.0.0.1:6666.
[2020.02.04-07.33.45:911][  0]SourceControl: Source control is disabled
[2020.02.04-07.33.45:911][  0]SourceControl: Source control is disabled
[2020.02.04-07.33.45:912][  0]SourceControl: Source control is disabled
[2020.02.04-07.33.45:912][  0]SourceControl: Source control is disabled
[2020.02.04-07.33.45:913][  0]SourceControl: Source control is disabled
[2020.02.04-07.33.45:952][  0]LogAndroidPermission: UAndroidPermissionCallbackProxy::GetInstance
[2020.02.04-07.33.45:958][  0]LogAudioCaptureCore: Display: No Audio Capture implementations found. Audio input will be silent.
[2020.02.04-07.33.45:958][  0]LogAudioCaptureCore: Display: No Audio Capture implementations found. Audio input will be silent.
[2020.02.04-07.33.46:009][  0]LogOcInput: OculusInput pre-init called
[2020.02.04-07.33.46:013][  0]LogWindows: Failed to load 'OVRPlugin.dll' (GetLastError=126)
[2020.02.04-07.33.46:013][  0]LogWindows: File 'OVRPlugin.dll' does not exist
[2020.02.04-07.33.46:054][  0]LogEngine: Initializing Engine...
[2020.02.04-07.33.46:055][  0]LogHMD: Failed to initialize OpenVR with code 110
[2020.02.04-07.33.46:055][  0]LogStats: UGameplayTagsManager::InitializeManager -  0.000 s
[2020.02.04-07.33.46:265][  0]LogInit: Initializing FReadOnlyCVARCache
[2020.02.04-07.33.46:269][  0]LogAIModule: Creating AISystem for world Untitled
[2020.02.04-07.33.46:281][  0]LogAudioMixer: Display: Audio Mixer Platform Settings:
[2020.02.04-07.33.46:281][  0]LogAudioMixer: Display: 	Sample Rate:						  48000
[2020.02.04-07.33.46:281][  0]LogAudioMixer: Display: 	Callback Buffer Frame Size Requested: 1024
[2020.02.04-07.33.46:281][  0]LogAudioMixer: Display: 	Callback Buffer Frame Size To Use:	  1024
[2020.02.04-07.33.46:281][  0]LogAudioMixer: Display: 	Number of buffers to queue:			  2
[2020.02.04-07.33.46:281][  0]LogAudioMixer: Display: 	Max Channels (voices):				  32
[2020.02.04-07.33.46:281][  0]LogAudioMixer: Display: 	Number of Async Source Workers:		  0
[2020.02.04-07.33.46:281][  0]LogAudio: Display: AudioDevice MaxSources: 32
[2020.02.04-07.33.46:281][  0]LogAudio: Display: Using built-in audio occlusion.
[2020.02.04-07.33.46:281][  0]LogAudioMixer: Display: Initializing audio mixer.
[2020.02.04-07.33.46:305][  0]LogAudioMixer: Display: Audio Device Output Speaker Info:
[2020.02.04-07.33.46:305][  0]LogAudioMixer: Display: Name: HDMI (NVIDIA High Definition Audio)
[2020.02.04-07.33.46:305][  0]LogAudioMixer: Display: Is Default: Yes
[2020.02.04-07.33.46:305][  0]LogAudioMixer: Display: Sample Rate: 48000
[2020.02.04-07.33.46:305][  0]LogAudioMixer: Display: Channel Count Used: 2
[2020.02.04-07.33.46:305][  0]LogAudioMixer: Display: Device Channel Count: 2
[2020.02.04-07.33.46:305][  0]LogAudioMixer: Display: Channel Order:
[2020.02.04-07.33.46:305][  0]LogAudioMixer: Display: 0: FrontLeft
[2020.02.04-07.33.46:305][  0]LogAudioMixer: Display: 1: FrontRight
[2020.02.04-07.33.46:403][  0]LogAudioMixer: Display: Using Audio Device HDMI (NVIDIA High Definition Audio)
[2020.02.04-07.33.46:410][  0]LogInit: FAudioDevice initialized.
[2020.02.04-07.33.46:410][  0]LogNetVersion: Set ProjectVersion to 1.0.0.0. Version Checksum will be recalculated on next use.
[2020.02.04-07.33.46:450][  0]LogDerivedDataCache: Saved boot cache 0.04s 78MB C:/Users/Administrator/AppData/Local/UnrealEngine/4.24/DerivedDataCache/Boot.ddc.
[2020.02.04-07.33.46:453][  0]LogInit: Texture streaming: Enabled
[2020.02.04-07.33.46:459][  0]LogEngineSessionManager: EngineSessionManager initialized
[2020.02.04-07.33.46:459][  0]LogEditorSessionSummary: Verbose: Initializing EditorSessionSummaryWriter for editor session tracking
[2020.02.04-07.33.46:460][  0]LogEditorSessionSummary: EditorSessionSummaryWriter initialized
[2020.02.04-07.33.46:497][  0]LogInit: Transaction tracking system initialized
[2020.02.04-07.33.46:502][  0]BlueprintLog: New page: Editor Load
[2020.02.04-07.33.46:517][  0]LocalizationService: Localization service is disabled
[2020.02.04-07.33.46:666][  0]LogCook: Display: Max memory allowance for cook 16384mb min free memory 0mb
[2020.02.04-07.33.46:666][  0]LogCook: Display: Mobile HDR setting 1
[2020.02.04-07.33.46:706][  0]LogFileCache: Scanning file cache for directory 'E:/TheLight 4.24/Content/' took 0.01s
[2020.02.04-07.33.47:033][  0]SourceControl: Source control is disabled
[2020.02.04-07.33.47:033][  0]Cmd: MAP LOAD FILE="E:/TheLight 4.24/Content/ThirdPersonBP/Maps/ThirdPersonExampleMap.umap" TEMPLATE=0 SHOWPROGRESS=1 FEATURELEVEL=3
[2020.02.04-07.33.47:033][  0]LogEditorServer: Warning: Can't find file 'E:/TheLight 4.24/Content/ThirdPersonBP/Maps/ThirdPersonExampleMap.umap'
[2020.02.04-07.33.47:033][  0]Cmd: MAP CHECKDEP NOCLEARLOG
[2020.02.04-07.33.47:033][  0]MapCheck: Map check complete: 0 Error(s), 0 Warning(s), took 0.058ms to complete.
[2020.02.04-07.33.47:033][  0]LogFileHelpers: Loading map 'ThirdPersonExampleMap' took 0.000
[2020.02.04-07.33.47:156][  0]LogSlate: Updating window title bar state: overlay mode, drag disabled, window buttons hidden, title bar hidden
[2020.02.04-07.33.47:159][  0]LogSlate: Updating window title bar state: overlay mode, drag disabled, window buttons hidden, title bar hidden
[2020.02.04-07.33.47:163][  0]LogSlate: Updating window title bar state: overlay mode, drag disabled, window buttons hidden, title bar hidden
[2020.02.04-07.33.47:166][  0]LogSlate: Updating window title bar state: overlay mode, drag disabled, window buttons hidden, title bar hidden
[2020.02.04-07.33.47:169][  0]LogCollectionManager: Loaded 0 collections in 0.000876 seconds
[2020.02.04-07.33.47:176][  0]LogFileCache: Scanning file cache for directory 'E:/TheLight 4.24/Saved/Collections/' took 0.00s
[2020.02.04-07.33.47:176][  0]LogFileCache: Scanning file cache for directory 'E:/TheLight 4.24/Content/Developers/Administrator/Collections/' took 0.00s
[2020.02.04-07.33.47:176][  0]LogFileCache: Scanning file cache for directory 'E:/TheLight 4.24/Content/Collections/' took 0.00s
[2020.02.04-07.33.47:176][  0]LogContentBrowser: Native class hierarchy populated in 0.0053 seconds. Added 3015 classes and 717 folders.
[2020.02.04-07.33.47:178][  0]LogContentBrowser: Native class hierarchy updated for 'WidgetCarousel' in 0.0001 seconds. Added 0 classes and 0 folders.
[2020.02.04-07.33.47:200][  0]LogContentBrowser: Native class hierarchy updated for 'AddContentDialog' in 0.0002 seconds. Added 0 classes and 0 folders.
[2020.02.04-07.33.47:203][  0]LogContentBrowser: Native class hierarchy updated for 'SceneOutliner' in 0.0002 seconds. Added 2 classes and 3 folders.
[2020.02.04-07.33.47:269][  0]LogSlate: Took 0.000122 seconds to synchronously load lazily loaded font '../../../Engine/Content/Slate/Fonts/Roboto-Regular.ttf' (155K)
[2020.02.04-07.33.47:270][  0]LogSlate: Took 0.000080 seconds to synchronously load lazily loaded font '../../../Engine/Content/Slate/Fonts/Roboto-Bold.ttf' (160K)
[2020.02.04-07.33.47:273][  0]LogSlate: Took 0.000084 seconds to synchronously load lazily loaded font '../../../Engine/Content/Editor/Slate/Fonts/FontAwesome.ttf' (139K)
[2020.02.04-07.33.47:314][  0]LogRenderer: Reallocating scene render targets to support 976x440 Format 10 NumSamples 1 (Frame:1).
[2020.02.04-07.33.47:378][  0]LogContentBrowser: Native class hierarchy updated for 'HierarchicalLODOutliner' in 0.0002 seconds. Added 0 classes and 0 folders.
[2020.02.04-07.33.47:378][  0]LogLoad: (Engine Initialization) Total time: 4.31 seconds
[2020.02.04-07.33.47:378][  0]LogLoad: (Engine Initialization) Total Blueprint compile time: 0.00 seconds
[2020.02.04-07.33.47:420][  0]LogAssetRegistry: Asset discovery search completed in 2.6348 seconds
[2020.02.04-07.33.47:422][  0]LogCollectionManager: Fixed up redirectors for 0 collections in 0.000005 seconds (updated 0 objects)
[2020.02.04-07.33.47:423][  0]LogContentStreaming: Texture pool size now 3000 MB
[2020.02.04-07.33.47:465][  0]LogSlate: Took 0.000092 seconds to synchronously load lazily loaded font '../../../Engine/Content/Slate/Fonts/Roboto-Light.ttf' (167K)
[2020.02.04-07.33.52:809][621]LogSlate: Took 0.000081 seconds to synchronously load lazily loaded font '../../../Engine/Content/Slate/Fonts/Roboto-Light.ttf' (167K)
[2020.02.04-07.33.52:865][621]LogLinker: Warning: While loading 'E:/TheLight 4.24/Content/VFX/FX/Light_FX.uasset' failed to load '/Game/SilenceMoonMAT/SPM_SimpleParticle_ST_MAT': Can't find file.
[2020.02.04-07.33.52:865][621]LogLinker: Warning: While loading 'E:/TheLight 4.24/Content/VFX/FX/Light_FX.uasset' failed to load '/Game/SilenceMoonMAT/SPM_SimpleParticle_ST_MAT': Can't find file.
[2020.02.04-07.33.52:867][621]LogLinker: Warning: While loading 'E:/TheLight 4.24/Content/VFX/Mat/Flare.uasset' failed to load '/Game/SilenceMoonMAT/SilenceMoon_FinalControl_Param': Can't find file.
[2020.02.04-07.33.52:867][621]LogLinker: Warning: While loading 'E:/TheLight 4.24/Content/VFX/Mat/Flare.uasset' failed to load '/Game/SilenceMoonMAT/SilenceMoon_FinalControl_Param': Can't find file.
[2020.02.04-07.33.52:868][621]LogLinker: Warning: While loading 'E:/TheLight 4.24/Content/VFX/Mat/Flare.uasset' failed to load '/Game/SilenceMoonMAT/SilenceMoon_FinalControl_Param': Can't find file.
[2020.02.04-07.33.52:868][621]LogLinker: Warning: While loading 'E:/TheLight 4.24/Content/VFX/Mat/Flare.uasset' failed to load '/Game/SilenceMoonMAT/SilenceMoon_FinalControl_Param': Can't find file.
[2020.02.04-07.33.52:868][621]LogLinker: Warning: While loading 'E:/TheLight 4.24/Content/VFX/Mat/Flare.uasset' failed to load '/Game/SilenceMoonTEX/Flare/T_FX_Flare_0025': Can't find file.
[2020.02.04-07.33.52:868][621]LogLinker: Warning: While loading 'E:/TheLight 4.24/Content/VFX/Mat/Flare.uasset' failed to load '/Game/SilenceMoonTEX/Flare/T_FX_Flare_0025': Can't find file.
[2020.02.04-07.33.52:868][621]LogLinker: Warning: While loading 'E:/TheLight 4.24/Content/VFX/Mat/Flare.uasset' failed to load '/Game/SilenceMoonTEX/Flare/T_FX_Flare_0025': Can't find file.
[2020.02.04-07.33.52:868][621]LogLinker: Warning: While loading 'E:/TheLight 4.24/Content/VFX/Mat/Flare.uasset' failed to load '/Game/SilenceMoonTEX/Flare/T_FX_Flare_0025': Can't find file.
[2020.02.04-07.33.52:868][621]LogLinker: Warning: While loading 'E:/TheLight 4.24/Content/VFX/FX/Light_FX.uasset' failed to load '/Game/SilenceMoonMAT/SPM_SimpleParticle_ST_MAT': Can't find file.
[2020.02.04-07.33.52:868][621]LogLinker: Warning: While loading 'E:/TheLight 4.24/Content/VFX/FX/Light_FX.uasset' failed to load '/Game/SilenceMoonMAT/SPM_SimpleParticle_ST_MAT': Can't find file.
[2020.02.04-07.33.52:972][621]LogLinker: Warning: While loading 'E:/TheLight 4.24/Content/VFX/Mat/Pause_Mat.uasset' failed to load '/Game/SilenceMoonMAT/SilenceMoon_Dissolve': Can't find file.
[2020.02.04-07.33.52:972][621]LogLinker: Warning: While loading 'E:/TheLight 4.24/Content/VFX/Mat/Pause_Mat.uasset' failed to load '/Game/SilenceMoonMAT/SilenceMoon_Dissolve': Can't find file.
[2020.02.04-07.33.52:972][621]LogLinker: Warning: While loading 'E:/TheLight 4.24/Content/VFX/Mat/Pause_Mat.uasset' failed to load '/Game/SilenceMoonMAT/SilenceMoon_FinalControl_Param': Can't find file.
[2020.02.04-07.33.52:972][621]LogLinker: Warning: While loading 'E:/TheLight 4.24/Content/VFX/Mat/Pause_Mat.uasset' failed to load '/Game/SilenceMoonMAT/SilenceMoon_FinalControl_Param': Can't find file.
[2020.02.04-07.33.52:972][621]LogLinker: Warning: While loading 'E:/TheLight 4.24/Content/VFX/Mat/Pause_Mat.uasset' failed to load '/Game/SilenceMoonMAT/SilenceMoon_TexSV': Can't find file.
[2020.02.04-07.33.52:972][621]LogLinker: Warning: While loading 'E:/TheLight 4.24/Content/VFX/Mat/Pause_Mat.uasset' failed to load '/Game/SilenceMoonMAT/SilenceMoon_TexSV': Can't find file.
[2020.02.04-07.33.52:972][621]LogLinker: Warning: While loading 'E:/TheLight 4.24/Content/VFX/Mat/Pause_Mat.uasset' failed to load '/Game/SilenceMoonMAT/SilenceMoon_UVturblent': Can't find file.
[2020.02.04-07.33.52:972][621]LogLinker: Warning: While loading 'E:/TheLight 4.24/Content/VFX/Mat/Pause_Mat.uasset' failed to load '/Game/SilenceMoonMAT/SilenceMoon_UVturblent': Can't find file.
[2020.02.04-07.33.52:973][621]LogLinker: Warning: While loading 'E:/TheLight 4.24/Content/VFX/Mat/Pause_Mat.uasset' failed to load '/Game/SilenceMoonMAT/SilenceMoon_Dissolve': Can't find file.
[2020.02.04-07.33.52:973][621]LogLinker: Warning: While loading 'E:/TheLight 4.24/Content/VFX/Mat/Pause_Mat.uasset' failed to load '/Game/SilenceMoonMAT/SilenceMoon_Dissolve': Can't find file.
[2020.02.04-07.33.52:973][621]LogLinker: Warning: While loading 'E:/TheLight 4.24/Content/VFX/Mat/Pause_Mat.uasset' failed to load '/Game/SilenceMoonMAT/SilenceMoon_FinalControl_Param': Can't find file.
[2020.02.04-07.33.52:973][621]LogLinker: Warning: While loading 'E:/TheLight 4.24/Content/VFX/Mat/Pause_Mat.uasset' failed to load '/Game/SilenceMoonMAT/SilenceMoon_FinalControl_Param': Can't find file.
[2020.02.04-07.33.52:973][621]LogLinker: Warning: While loading 'E:/TheLight 4.24/Content/VFX/Mat/Pause_Mat.uasset' failed to load '/Game/SilenceMoonMAT/SilenceMoon_TexSV': Can't find file.
[2020.02.04-07.33.52:973][621]LogLinker: Warning: While loading 'E:/TheLight 4.24/Content/VFX/Mat/Pause_Mat.uasset' failed to load '/Game/SilenceMoonMAT/SilenceMoon_TexSV': Can't find file.
[2020.02.04-07.33.52:973][621]LogLinker: Warning: While loading 'E:/TheLight 4.24/Content/VFX/Mat/Pause_Mat.uasset' failed to load '/Game/SilenceMoonMAT/SilenceMoon_UVturblent': Can't find file.
[2020.02.04-07.33.52:973][621]LogLinker: Warning: While loading 'E:/TheLight 4.24/Content/VFX/Mat/Pause_Mat.uasset' failed to load '/Game/SilenceMoonMAT/SilenceMoon_UVturblent': Can't find file.
[2020.02.04-07.33.52:973][621]LogLinker: Warning: While loading 'E:/TheLight 4.24/Content/VFX/Mat/Pause_Mat.uasset' failed to load '/Game/SilenceMoonTEX/Misc/5x5': Can't find file.
[2020.02.04-07.33.52:973][621]LogLinker: Warning: While loading 'E:/TheLight 4.24/Content/VFX/Mat/Pause_Mat.uasset' failed to load '/Game/SilenceMoonTEX/Misc/5x5': Can't find file.
[2020.02.04-07.33.52:973][621]LogLinker: Warning: While loading 'E:/TheLight 4.24/Content/VFX/Mat/Pause_Mat.uasset' failed to load '/Game/SilenceMoonTEX/Tile/T_FX_Tile_0021': Can't find file.
[2020.02.04-07.33.52:974][621]LogLinker: Warning: While loading 'E:/TheLight 4.24/Content/VFX/Mat/Pause_Mat.uasset' failed to load '/Game/SilenceMoonTEX/Tile/T_FX_Tile_0021': Can't find file.
[2020.02.04-07.33.52:974][621]LogLinker: Warning: While loading 'E:/TheLight 4.24/Content/VFX/Mat/Pause_Mat.uasset' failed to load '/Game/SilenceMoonTEX/Misc/5x5': Can't find file.
[2020.02.04-07.33.52:974][621]LogLinker: Warning: While loading 'E:/TheLight 4.24/Content/VFX/Mat/Pause_Mat.uasset' failed to load '/Game/SilenceMoonTEX/Misc/5x5': Can't find file.
[2020.02.04-07.33.52:974][621]LogLinker: Warning: While loading 'E:/TheLight 4.24/Content/VFX/Mat/Pause_Mat.uasset' failed to load '/Game/SilenceMoonTEX/Tile/T_FX_Tile_0021': Can't find file.
[2020.02.04-07.33.52:974][621]LogLinker: Warning: While loading 'E:/TheLight 4.24/Content/VFX/Mat/Pause_Mat.uasset' failed to load '/Game/SilenceMoonTEX/Tile/T_FX_Tile_0021': Can't find file.
[2020.02.04-07.33.52:976][621]LogLinker: Warning: While loading 'E:/TheLight 4.24/Content/VFX/Mat/Pause_Mat_Inst_NoHalo.uasset' failed to load '/Game/SilenceMoonTEX/Tile/T_FX_Tile_0021': Can't find file.
[2020.02.04-07.33.52:976][621]LogLinker: Warning: While loading 'E:/TheLight 4.24/Content/VFX/Mat/Pause_Mat_Inst_NoHalo.uasset' failed to load '/Game/SilenceMoonTEX/Tile/T_FX_Tile_0021': Can't find file.
[2020.02.04-07.33.52:976][621]LogLinker: Warning: While loading 'E:/TheLight 4.24/Content/VFX/Mat/Pause_Mat_Inst_NoHalo.uasset' failed to load '/Game/SilenceMoonTEX/Tile/T_FX_Tile_0030': Can't find file.
[2020.02.04-07.33.52:976][621]LogLinker: Warning: While loading 'E:/TheLight 4.24/Content/VFX/Mat/Pause_Mat_Inst_NoHalo.uasset' failed to load '/Game/SilenceMoonTEX/Tile/T_FX_Tile_0030': Can't find file.
[2020.02.04-07.33.52:976][621]LogLinker: Warning: While loading 'E:/TheLight 4.24/Content/VFX/Mat/Pause_Mat_Inst_NoHalo.uasset' failed to load '/Game/SilenceMoonTEX/Tile/T_FX_Tile_0021': Can't find file.
[2020.02.04-07.33.52:976][621]LogLinker: Warning: While loading 'E:/TheLight 4.24/Content/VFX/Mat/Pause_Mat_Inst_NoHalo.uasset' failed to load '/Game/SilenceMoonTEX/Tile/T_FX_Tile_0021': Can't find file.
[2020.02.04-07.33.52:976][621]LogLinker: Warning: While loading 'E:/TheLight 4.24/Content/VFX/Mat/Pause_Mat_Inst_NoHalo.uasset' failed to load '/Game/SilenceMoonTEX/Tile/T_FX_Tile_0030': Can't find file.
[2020.02.04-07.33.52:976][621]LogLinker: Warning: While loading 'E:/TheLight 4.24/Content/VFX/Mat/Pause_Mat_Inst_NoHalo.uasset' failed to load '/Game/SilenceMoonTEX/Tile/T_FX_Tile_0030': Can't find file.
[2020.02.04-07.33.53:143][621]LogLinker: Warning: While loading 'E:/TheLight 4.24/Content/VFX/Mat/Flare.uasset' failed to load '/Game/SilenceMoonMAT/SilenceMoon_FinalControl_Param': Can't find file.
[2020.02.04-07.33.53:143][621]LoadErrors: Failed to load /Game/SilenceMoonMAT/SilenceMoon_FinalControl_Param.SilenceMoon_FinalControl_Param Referenced by Flare
[2020.02.04-07.33.53:143][621]LogLinker: Warning: While loading 'E:/TheLight 4.24/Content/VFX/Mat/Flare.uasset' failed to load '/Game/SilenceMoonMAT/SilenceMoon_FinalControl_Param': Can't find file.
[2020.02.04-07.33.53:143][621]LogLinker: Warning: While loading 'E:/TheLight 4.24/Content/VFX/Mat/Flare.uasset' failed to load '/Game/SilenceMoonMAT/SilenceMoon_FinalControl_Param': Can't find file.
[2020.02.04-07.33.53:143][621]LoadErrors: Failed to load /Game/SilenceMoonMAT/SilenceMoon_FinalControl_Param.SilenceMoon_FinalControl_Param Referenced by MaterialExpressionMaterialFunctionCall_0
[2020.02.04-07.33.53:144][621]LogLinker: Warning: While loading 'E:/TheLight 4.24/Content/VFX/Mat/Flare.uasset' failed to load '/Game/SilenceMoonMAT/SilenceMoon_FinalControl_Param': Can't find file.
[2020.02.04-07.33.53:144][621]LogLinker: Warning: While loading 'E:/TheLight 4.24/Content/VFX/Mat/Flare.uasset' failed to load '/Game/SilenceMoonTEX/Flare/T_FX_Flare_0025': Can't find file.
[2020.02.04-07.33.53:144][621]LoadErrors: Failed to load /Game/SilenceMoonTEX/Flare/T_FX_Flare_0025.T_FX_Flare_0025 Referenced by MaterialExpressionTextureSample_0
[2020.02.04-07.33.53:144][621]LogLinker: Warning: While loading 'E:/TheLight 4.24/Content/VFX/Mat/Flare.uasset' failed to load '/Game/SilenceMoonTEX/Flare/T_FX_Flare_0025': Can't find file.
[2020.02.04-07.33.53:144][621]LogLinker: Warning: While loading 'E:/TheLight 4.24/Content/VFX/FX/Light_FX.uasset' failed to load '/Game/SilenceMoonMAT/SPM_SimpleParticle_ST_MAT': Can't find file.
[2020.02.04-07.33.53:144][621]LoadErrors: Failed to load /Game/SilenceMoonMAT/SPM_SimpleParticle_ST_MAT.SPM_SimpleParticle_ST_MAT Referenced by ParticleModuleRequired_2
[2020.02.04-07.33.53:144][621]LogLinker: Warning: While loading 'E:/TheLight 4.24/Content/VFX/FX/Light_FX.uasset' failed to load '/Game/SilenceMoonMAT/SPM_SimpleParticle_ST_MAT': Can't find file.
[2020.02.04-07.33.53:257][621]LogLinker: Warning: While loading 'E:/TheLight 4.24/Content/VFX/Mat/Pause_Mat.uasset' failed to load '/Game/SilenceMoonMAT/SilenceMoon_FinalControl_Param': Can't find file.
[2020.02.04-07.33.53:257][621]LoadErrors: Failed to load /Game/SilenceMoonMAT/SilenceMoon_FinalControl_Param.SilenceMoon_FinalControl_Param Referenced by Pause_Mat
[2020.02.04-07.33.53:257][621]LogLinker: Warning: While loading 'E:/TheLight 4.24/Content/VFX/Mat/Pause_Mat.uasset' failed to load '/Game/SilenceMoonMAT/SilenceMoon_FinalControl_Param': Can't find file.
[2020.02.04-07.33.53:257][621]LogLinker: Warning: While loading 'E:/TheLight 4.24/Content/VFX/Mat/Pause_Mat.uasset' failed to load '/Game/SilenceMoonMAT/SilenceMoon_TexSV': Can't find file.
[2020.02.04-07.33.53:257][621]LoadErrors: Failed to load /Game/SilenceMoonMAT/SilenceMoon_TexSV.SilenceMoon_TexSV Referenced by Pause_Mat
[2020.02.04-07.33.53:258][621]LogLinker: Warning: While loading 'E:/TheLight 4.24/Content/VFX/Mat/Pause_Mat.uasset' failed to load '/Game/SilenceMoonMAT/SilenceMoon_TexSV': Can't find file.
[2020.02.04-07.33.53:258][621]LogLinker: Warning: While loading 'E:/TheLight 4.24/Content/VFX/Mat/Pause_Mat.uasset' failed to load '/Game/SilenceMoonMAT/SilenceMoon_UVturblent': Can't find file.
[2020.02.04-07.33.53:258][621]LoadErrors: Failed to load /Game/SilenceMoonMAT/SilenceMoon_UVturblent.SilenceMoon_UVTurblent Referenced by Pause_Mat
[2020.02.04-07.33.53:258][621]LogLinker: Warning: While loading 'E:/TheLight 4.24/Content/VFX/Mat/Pause_Mat.uasset' failed to load '/Game/SilenceMoonMAT/SilenceMoon_UVturblent': Can't find file.
[2020.02.04-07.33.53:258][621]LogLinker: Warning: While loading 'E:/TheLight 4.24/Content/VFX/Mat/Pause_Mat.uasset' failed to load '/Game/SilenceMoonMAT/SilenceMoon_TexSV': Can't find file.
[2020.02.04-07.33.53:258][621]LogLinker: Warning: While loading 'E:/TheLight 4.24/Content/VFX/Mat/Pause_Mat.uasset' failed to load '/Game/SilenceMoonMAT/SilenceMoon_TexSV': Can't find file.
[2020.02.04-07.33.53:258][621]LogLinker: Warning: While loading 'E:/TheLight 4.24/Content/VFX/Mat/Pause_Mat.uasset' failed to load '/Game/SilenceMoonMAT/SilenceMoon_Dissolve': Can't find file.
[2020.02.04-07.33.53:258][621]LoadErrors: Failed to load /Game/SilenceMoonMAT/SilenceMoon_Dissolve.SilenceMoon_Dissolve Referenced by Pause_Mat
[2020.02.04-07.33.53:258][621]LogLinker: Warning: While loading 'E:/TheLight 4.24/Content/VFX/Mat/Pause_Mat.uasset' failed to load '/Game/SilenceMoonMAT/SilenceMoon_Dissolve': Can't find file.
[2020.02.04-07.33.53:259][621]LogLinker: Warning: While loading 'E:/TheLight 4.24/Content/VFX/Mat/Pause_Mat.uasset' failed to load '/Game/SilenceMoonMAT/SilenceMoon_TexSV': Can't find file.
[2020.02.04-07.33.53:259][621]LoadErrors: Failed to load /Game/SilenceMoonMAT/SilenceMoon_TexSV.SilenceMoon_TexSV Referenced by MaterialExpressionMaterialFunctionCall_0
[2020.02.04-07.33.53:259][621]LogLinker: Warning: While loading 'E:/TheLight 4.24/Content/VFX/Mat/Pause_Mat.uasset' failed to load '/Game/SilenceMoonMAT/SilenceMoon_TexSV': Can't find file.
[2020.02.04-07.33.53:259][621]LogLinker: Warning: While loading 'E:/TheLight 4.24/Content/VFX/Mat/Pause_Mat.uasset' failed to load '/Game/SilenceMoonMAT/SilenceMoon_FinalControl_Param': Can't find file.
[2020.02.04-07.33.53:259][621]LoadErrors: Failed to load /Game/SilenceMoonMAT/SilenceMoon_FinalControl_Param.SilenceMoon_FinalControl_Param Referenced by MaterialExpressionMaterialFunctionCall_1
[2020.02.04-07.33.53:259][621]LogLinker: Warning: While loading 'E:/TheLight 4.24/Content/VFX/Mat/Pause_Mat.uasset' failed to load '/Game/SilenceMoonMAT/SilenceMoon_FinalControl_Param': Can't find file.
[2020.02.04-07.33.53:260][621]LogLinker: Warning: While loading 'E:/TheLight 4.24/Content/VFX/Mat/Pause_Mat.uasset' failed to load '/Game/SilenceMoonMAT/SilenceMoon_Dissolve': Can't find file.
[2020.02.04-07.33.53:260][621]LoadErrors: Failed to load /Game/SilenceMoonMAT/SilenceMoon_Dissolve.SilenceMoon_Dissolve Referenced by MaterialExpressionMaterialFunctionCall_3
[2020.02.04-07.33.53:260][621]LogLinker: Warning: While loading 'E:/TheLight 4.24/Content/VFX/Mat/Pause_Mat.uasset' failed to load '/Game/SilenceMoonMAT/SilenceMoon_Dissolve': Can't find file.
[2020.02.04-07.33.53:260][621]LogLinker: Warning: While loading 'E:/TheLight 4.24/Content/VFX/Mat/Pause_Mat.uasset' failed to load '/Game/SilenceMoonMAT/SilenceMoon_UVturblent': Can't find file.
[2020.02.04-07.33.53:260][621]LoadErrors: Failed to load /Game/SilenceMoonMAT/SilenceMoon_UVturblent.SilenceMoon_UVTurblent Referenced by MaterialExpressionMaterialFunctionCall_4
[2020.02.04-07.33.53:260][621]LogLinker: Warning: While loading 'E:/TheLight 4.24/Content/VFX/Mat/Pause_Mat.uasset' failed to load '/Game/SilenceMoonMAT/SilenceMoon_UVturblent': Can't find file.
[2020.02.04-07.33.53:260][621]LogLinker: Warning: While loading 'E:/TheLight 4.24/Content/VFX/Mat/Pause_Mat.uasset' failed to load '/Game/SilenceMoonMAT/SilenceMoon_TexSV': Can't find file.
[2020.02.04-07.33.53:260][621]LoadErrors: Failed to load /Game/SilenceMoonMAT/SilenceMoon_TexSV.SilenceMoon_TexSV Referenced by MaterialExpressionMaterialFunctionCall_5
[2020.02.04-07.33.53:260][621]LogLinker: Warning: While loading 'E:/TheLight 4.24/Content/VFX/Mat/Pause_Mat.uasset' failed to load '/Game/SilenceMoonMAT/SilenceMoon_TexSV': Can't find file.
[2020.02.04-07.33.53:261][621]LogLinker: Warning: While loading 'E:/TheLight 4.24/Content/VFX/Mat/Pause_Mat.uasset' failed to load '/Game/SilenceMoonTEX/Tile/T_FX_Tile_0021': Can't find file.
[2020.02.04-07.33.53:261][621]LoadErrors: Failed to load /Game/SilenceMoonTEX/Tile/T_FX_Tile_0021.T_FX_Tile_0021 Referenced by MaterialExpressionTextureSampleParameter2D_0
[2020.02.04-07.33.53:261][621]LogLinker: Warning: While loading 'E:/TheLight 4.24/Content/VFX/Mat/Pause_Mat.uasset' failed to load '/Game/SilenceMoonTEX/Tile/T_FX_Tile_0021': Can't find file.
[2020.02.04-07.33.53:261][621]LogLinker: Warning: While loading 'E:/TheLight 4.24/Content/VFX/Mat/Pause_Mat.uasset' failed to load '/Game/SilenceMoonTEX/Misc/5x5': Can't find file.
[2020.02.04-07.33.53:261][621]LoadErrors: Failed to load /Game/SilenceMoonTEX/Misc/5x5.5x5 Referenced by MaterialExpressionTextureSampleParameter2D_1
[2020.02.04-07.33.53:261][621]LogLinker: Warning: While loading 'E:/TheLight 4.24/Content/VFX/Mat/Pause_Mat.uasset' failed to load '/Game/SilenceMoonTEX/Misc/5x5': Can't find file.
[2020.02.04-07.33.53:262][621]LogLinker: Warning: While loading 'E:/TheLight 4.24/Content/VFX/Mat/Pause_Mat_Inst_NoHalo.uasset' failed to load '/Game/SilenceMoonTEX/Tile/T_FX_Tile_0030': Can't find file.
[2020.02.04-07.33.53:262][621]LoadErrors: Failed to load /Game/SilenceMoonTEX/Tile/T_FX_Tile_0030.T_FX_Tile_0030 Referenced by Pause_Mat_Inst_NoHalo
[2020.02.04-07.33.53:262][621]LogLinker: Warning: While loading 'E:/TheLight 4.24/Content/VFX/Mat/Pause_Mat_Inst_NoHalo.uasset' failed to load '/Game/SilenceMoonTEX/Tile/T_FX_Tile_0030': Can't find file.
[2020.02.04-07.33.53:262][621]LogLinker: Warning: While loading 'E:/TheLight 4.24/Content/VFX/Mat/Pause_Mat_Inst_NoHalo.uasset' failed to load '/Game/SilenceMoonTEX/Tile/T_FX_Tile_0021': Can't find file.
[2020.02.04-07.33.53:262][621]LoadErrors: Failed to load /Game/SilenceMoonTEX/Tile/T_FX_Tile_0021.T_FX_Tile_0021 Referenced by Pause_Mat_Inst_NoHalo
[2020.02.04-07.33.53:262][621]LogLinker: Warning: While loading 'E:/TheLight 4.24/Content/VFX/Mat/Pause_Mat_Inst_NoHalo.uasset' failed to load '/Game/SilenceMoonTEX/Tile/T_FX_Tile_0021': Can't find file.
[2020.02.04-07.33.53:365][621]LogMaterial: Display: Missing cached shader map for material Flare, compiling. 
[2020.02.04-07.33.53:365][621]LogMaterial: Warning: E:\TheLight 4.24\Content\VFX\Mat\Flare.uasset: Failed to compile Material for platform PCD3D_SM5, Default Material will be used in game.
[2020.02.04-07.33.53:365][621]LogMaterial: Display: 	Missing Material Function
[2020.02.04-07.33.53:548][621]LogMaterial: Display: Missing cached shader map for material Pause_Mat, compiling. 
[2020.02.04-07.33.53:550][621]LogMaterial: Warning: E:\TheLight 4.24\Content\VFX\Mat\Pause_Mat.uasset: Failed to compile Material for platform PCD3D_SM5, Default Material will be used in game.
[2020.02.04-07.33.53:550][621]LogMaterial: Display: 	(Node TextureSampleParameter2D) Param2D> Found NULL, requires Texture2D
[2020.02.04-07.33.53:550][621]LogMaterial: Display: 	Missing Material Function
[2020.02.04-07.33.53:553][621]LogMaterial: Display: Missing cached shader map for material Pause_Mat, compiling. 
[2020.02.04-07.33.53:554][621]LogMaterial: Warning: E:\TheLight 4.24\Content\VFX\Mat\Pause_Mat_Inst_NoHalo.uasset: Failed to compile Material Instance with Base Pause_Mat for platform PCD3D_SM5, Default Material will be used in game.
[2020.02.04-07.33.53:554][621]LogMaterial: Display: 	(Node TextureSampleParameter2D) Param2D> Found NULL, requires Texture2D
[2020.02.04-07.33.53:554][621]LogMaterial: Display: 	Missing Material Function
[2020.02.04-07.33.53:559][621]LogAIModule: Creating AISystem for world Demonstration
[2020.02.04-07.33.53:590][621]LogAssetEditorSubsystem: Opening Asset editor for World /Game/LPStylizedEnv/Maps/Demonstration.Demonstration
[2020.02.04-07.33.53:648][621]LogUObjectHash: Compacting FUObjectHashTables data took   1.96ms
[2020.02.04-07.33.53:650][621]Cmd: MAP LOAD FILE="E:/TheLight 4.24/Content/LPStylizedEnv/Maps/Demonstration.umap" TEMPLATE=0 SHOWPROGRESS=1 FEATURELEVEL=3
[2020.02.04-07.33.53:650][621]LightingResults: New page: Lighting Build
[2020.02.04-07.33.53:651][621]LogContentBrowser: Native class hierarchy updated for 'StatsViewer' in 0.0002 seconds. Added 5 classes and 0 folders.
[2020.02.04-07.33.53:651][621]LoadErrors: New page: Loading map: Demonstration.umap
[2020.02.04-07.33.53:651][621]LogWorld: UWorld::CleanupWorld for Untitled, bSessionEnded=true, bCleanupResources=true
[2020.02.04-07.33.53:651][621]LogSlate: InvalidateAllWidgets triggered.  All widgets were invalidated
[2020.02.04-07.33.53:651][621]MapCheck: New page: Map Check
[2020.02.04-07.33.53:651][621]LightingResults: New page: Lighting Build
[2020.02.04-07.33.53:676][621]LogUObjectHash: Compacting FUObjectHashTables data took   1.33ms
[2020.02.04-07.33.53:987][621]LogEditorServer: Finished looking for orphan Actors (0.000 secs)
[2020.02.04-07.33.54:017][621]LogUObjectHash: Compacting FUObjectHashTables data took   1.33ms
[2020.02.04-07.33.54:030][621]Cmd: MAP CHECKDEP NOCLEARLOG
[2020.02.04-07.33.54:031][621]MapCheck: Map check complete: 0 Error(s), 0 Warning(s), took 0.958ms to complete.
[2020.02.04-07.33.54:031][621]LogFileHelpers: Loading map 'Demonstration' took 0.381
[2020.02.04-07.33.54:854][698]LogTemp: Repeating last play command: Selected Viewport
[2020.02.04-07.33.54:862][698]LogBlueprintUserMessages: Early PlayInEditor Detection: Level '/Game/LPStylizedEnv/Maps/Demonstration.Demonstration:PersistentLevel' has LevelScriptBlueprint '/Game/LPStylizedEnv/Maps/Demonstration.Demonstration:PersistentLevel.Demonstration' with GeneratedClass '/Game/LPStylizedEnv/Maps/Demonstration.Demonstration_C' with ClassGeneratedBy '/Game/LPStylizedEnv/Maps/Demonstration.Demonstration:PersistentLevel.Demonstration'
[2020.02.04-07.33.54:862][698]LogPlayLevel: PlayLevel: No blueprints needed recompiling
[2020.02.04-07.33.54:863][698]PIE: New page: PIE session: Demonstration (Feb 4, 2020, 11:33:54 PM)
[2020.02.04-07.33.54:863][698]LogOnline: OSS: Creating online subsystem instance for: NULL
[2020.02.04-07.33.54:864][698]LogOnline: OSS: TryLoadSubsystemAndSetDefault: Loaded subsystem for module [NULL]
[2020.02.04-07.33.54:864][698]LogPlayLevel: Creating play world package: /Game/LPStylizedEnv/Maps/UEDPIE_0_Demonstration
[2020.02.04-07.33.55:171][698]LogPlayLevel: PIE: StaticDuplicateObject took: (0.307808s)
[2020.02.04-07.33.55:172][698]LogAIModule: Creating AISystem for world Demonstration
[2020.02.04-07.33.55:173][698]LogPlayLevel: PIE: World Init took: (0.000957s)
[2020.02.04-07.33.55:173][698]LogPlayLevel: PIE: Created PIE world by copying editor world from /Game/LPStylizedEnv/Maps/Demonstration.Demonstration to /Game/LPStylizedEnv/Maps/UEDPIE_0_Demonstration.Demonstration (0.309110s)
[2020.02.04-07.33.55:193][698]LogUObjectHash: Compacting FUObjectHashTables data took   1.21ms
[2020.02.04-07.33.55:195][698]LogAudioMixer: Display: Audio Mixer Platform Settings:
[2020.02.04-07.33.55:195][698]LogAudioMixer: Display: 	Sample Rate:						  48000
[2020.02.04-07.33.55:195][698]LogAudioMixer: Display: 	Callback Buffer Frame Size Requested: 1024
[2020.02.04-07.33.55:195][698]LogAudioMixer: Display: 	Callback Buffer Frame Size To Use:	  1024
[2020.02.04-07.33.55:195][698]LogAudioMixer: Display: 	Number of buffers to queue:			  2
[2020.02.04-07.33.55:195][698]LogAudioMixer: Display: 	Max Channels (voices):				  32
[2020.02.04-07.33.55:195][698]LogAudioMixer: Display: 	Number of Async Source Workers:		  0
[2020.02.04-07.33.55:195][698]LogAudio: Display: AudioDevice MaxSources: 32
[2020.02.04-07.33.55:195][698]LogAudio: Display: Using built-in audio occlusion.
[2020.02.04-07.33.55:195][698]LogAudioMixer: Display: Initializing audio mixer.
[2020.02.04-07.33.55:215][698]LogAudioMixer: Display: Audio Device Output Speaker Info:
[2020.02.04-07.33.55:215][698]LogAudioMixer: Display: Name: HDMI (NVIDIA High Definition Audio)
[2020.02.04-07.33.55:215][698]LogAudioMixer: Display: Is Default: Yes
[2020.02.04-07.33.55:215][698]LogAudioMixer: Display: Sample Rate: 48000
[2020.02.04-07.33.55:215][698]LogAudioMixer: Display: Channel Count Used: 2
[2020.02.04-07.33.55:215][698]LogAudioMixer: Display: Device Channel Count: 2
[2020.02.04-07.33.55:215][698]LogAudioMixer: Display: Channel Order:
[2020.02.04-07.33.55:215][698]LogAudioMixer: Display: 0: FrontLeft
[2020.02.04-07.33.55:215][698]LogAudioMixer: Display: 1: FrontRight
[2020.02.04-07.33.55:222][698]LogAudioMixer: Display: Using Audio Device HDMI (NVIDIA High Definition Audio)
[2020.02.04-07.33.55:223][698]LogInit: FAudioDevice initialized.
[2020.02.04-07.33.55:232][698]LogLoad: Game class is 'TheLightGameMode_C'
[2020.02.04-07.33.55:256][698]LogWorld: Bringing World /Game/LPStylizedEnv/Maps/UEDPIE_0_Demonstration.Demonstration up for play (max tick rate 0) at 2020.02.04-15.33.55
[2020.02.04-07.33.55:257][698]LogWorld: Bringing up level for play took: 0.023904
[2020.02.04-07.33.55:257][698]LogOnline: OSS: Creating online subsystem instance for: :Context_1
[2020.02.04-07.33.55:259][698]LogContentBrowser: Native class hierarchy updated for 'MovieSceneCapture' in 0.0002 seconds. Added 20 classes and 0 folders.
[2020.02.04-07.33.55:261][698]Cmd: r.CustomDepth 3
[2020.02.04-07.33.55:261][698]r.CustomDepth = "3"
[2020.02.04-07.33.55:261][698]PIE: Play in editor start time for /Game/LPStylizedEnv/Maps/UEDPIE_0_Demonstration 0.295
[2020.02.04-07.33.55:261][698]LogBlueprintUserMessages: Late PlayInEditor Detection: Level '/Game/LPStylizedEnv/Maps/Demonstration.Demonstration:PersistentLevel' has LevelScriptBlueprint '/Game/LPStylizedEnv/Maps/Demonstration.Demonstration:PersistentLevel.Demonstration' with GeneratedClass '/Game/LPStylizedEnv/Maps/Demonstration.Demonstration_C' with ClassGeneratedBy '/Game/LPStylizedEnv/Maps/Demonstration.Demonstration:PersistentLevel.Demonstration'
[2020.02.04-07.34.03:526][680]LogAudioMixer: Display: No commands were queued while flushing the source manager.
[2020.02.04-07.34.03:526][680]LogAudioMixer: Display: No commands were queued while flushing the source manager.
[2020.02.04-07.34.03:526][680]LogBlueprintUserMessages: Early EndPlayMap Detection: Level '/Game/LPStylizedEnv/Maps/Demonstration.Demonstration:PersistentLevel' has LevelScriptBlueprint '/Game/LPStylizedEnv/Maps/Demonstration.Demonstration:PersistentLevel.Demonstration' with GeneratedClass '/Game/LPStylizedEnv/Maps/Demonstration.Demonstration_C' with ClassGeneratedBy '/Game/LPStylizedEnv/Maps/Demonstration.Demonstration:PersistentLevel.Demonstration'
[2020.02.04-07.34.03:527][680]LogSlate: Updating window title bar state: overlay mode, drag disabled, window buttons hidden, title bar hidden
[2020.02.04-07.34.03:527][680]LogWorld: BeginTearingDown for /Game/LPStylizedEnv/Maps/UEDPIE_0_Demonstration
[2020.02.04-07.34.03:527][680]LogAudioMixer: Display: No commands were queued while flushing the source manager.
[2020.02.04-07.34.03:527][680]LogWorld: UWorld::CleanupWorld for Demonstration, bSessionEnded=true, bCleanupResources=true
[2020.02.04-07.34.03:532][680]LogSlate: InvalidateAllWidgets triggered.  All widgets were invalidated
[2020.02.04-07.34.03:542][680]LogPlayLevel: Display: Shutting down PIE online subsystems
[2020.02.04-07.34.03:542][680]LogBlueprintUserMessages: Late EndPlayMap Detection: Level '/Game/LPStylizedEnv/Maps/Demonstration.Demonstration:PersistentLevel' has LevelScriptBlueprint '/Game/LPStylizedEnv/Maps/Demonstration.Demonstration:PersistentLevel.Demonstration' with GeneratedClass '/Game/LPStylizedEnv/Maps/Demonstration.Demonstration_C' with ClassGeneratedBy '/Game/LPStylizedEnv/Maps/Demonstration.Demonstration:PersistentLevel.Demonstration'
[2020.02.04-07.34.03:546][680]LogSlate: InvalidateAllWidgets triggered.  All widgets were invalidated
[2020.02.04-07.34.03:572][680]LogAudioMixer: Display: No commands were queued while flushing the source manager.
[2020.02.04-07.34.03:573][680]LogSlate: Updating window title bar state: overlay mode, drag disabled, window buttons hidden, title bar hidden
[2020.02.04-07.34.03:599][680]LogUObjectHash: Compacting FUObjectHashTables data took   1.38ms
[2020.02.04-07.34.03:633][682]LogPlayLevel: Display: Destroying online subsystem :Context_1
